{"/Users/adriaanhitge/Dropbox/ai-apps/song-streak/data/chords/generator/fretboard.ts": {"path":"/Users/adriaanhitge/Dropbox/ai-apps/song-streak/data/chords/generator/fretboard.ts","statementMap":{"0":{"start":{"line":34,"column":0},"end":{"line":34,"column":16}},"1":{"start":{"line":48,"column":0},"end":{"line":48,"column":16}},"2":{"start":{"line":78,"column":0},"end":{"line":78,"column":16}},"3":{"start":{"line":96,"column":0},"end":{"line":96,"column":16}},"4":{"start":{"line":106,"column":0},"end":{"line":106,"column":16}},"5":{"start":{"line":145,"column":0},"end":{"line":145,"column":16}},"6":{"start":{"line":163,"column":0},"end":{"line":163,"column":16}},"7":{"start":{"line":174,"column":0},"end":{"line":174,"column":16}},"8":{"start":{"line":187,"column":0},"end":{"line":187,"column":16}},"9":{"start":{"line":194,"column":0},"end":{"line":194,"column":16}},"10":{"start":{"line":201,"column":0},"end":{"line":201,"column":16}},"11":{"start":{"line":217,"column":0},"end":{"line":217,"column":16}},"12":{"start":{"line":6,"column":0},"end":{"line":6,"column":78}},"13":{"start":{"line":9,"column":13},"end":{"line":9,"column":74}},"14":{"start":{"line":12,"column":13},"end":{"line":12,"column":27}},"15":{"start":{"line":15,"column":13},"end":{"line":15,"column":31}},"16":{"start":{"line":18,"column":13},"end":{"line":18,"column":30}},"17":{"start":{"line":28,"column":57},"end":{"line":28,"column":61}},"18":{"start":{"line":35,"column":2},"end":{"line":40,"column":3}},"19":{"start":{"line":36,"column":4},"end":{"line":38,"column":5}},"20":{"start":{"line":37,"column":6},"end":{"line":37,"column":66}},"21":{"start":{"line":39,"column":4},"end":{"line":39,"column":15}},"22":{"start":{"line":41,"column":19},"end":{"line":41,"column":42}},"23":{"start":{"line":42,"column":2},"end":{"line":42,"column":39}},"24":{"start":{"line":52,"column":36},"end":{"line":52,"column":38}},"25":{"start":{"line":53,"column":22},"end":{"line":53,"column":40}},"26":{"start":{"line":55,"column":2},"end":{"line":69,"column":3}},"27":{"start":{"line":55,"column":20},"end":{"line":55,"column":21}},"28":{"start":{"line":56,"column":26},"end":{"line":56,"column":63}},"29":{"start":{"line":58,"column":4},"end":{"line":68,"column":5}},"30":{"start":{"line":58,"column":20},"end":{"line":58,"column":21}},"31":{"start":{"line":59,"column":25},"end":{"line":59,"column":52}},"32":{"start":{"line":61,"column":6},"end":{"line":67,"column":7}},"33":{"start":{"line":62,"column":8},"end":{"line":66,"column":11}},"34":{"start":{"line":71,"column":2},"end":{"line":71,"column":19}},"35":{"start":{"line":79,"column":2},"end":{"line":81,"column":3}},"36":{"start":{"line":80,"column":4},"end":{"line":80,"column":26}},"37":{"start":{"line":83,"column":14},"end":{"line":83,"column":47}},"38":{"start":{"line":85,"column":2},"end":{"line":87,"column":3}},"39":{"start":{"line":86,"column":4},"end":{"line":86,"column":43}},"40":{"start":{"line":89,"column":2},"end":{"line":89,"column":23}},"41":{"start":{"line":90,"column":2},"end":{"line":90,"column":13}},"42":{"start":{"line":97,"column":14},"end":{"line":97,"column":33}},"43":{"start":{"line":98,"column":25},"end":{"line":98,"column":50}},"44":{"start":{"line":99,"column":2},"end":{"line":99,"column":39}},"45":{"start":{"line":112,"column":2},"end":{"line":117,"column":3}},"46":{"start":{"line":113,"column":4},"end":{"line":115,"column":5}},"47":{"start":{"line":114,"column":6},"end":{"line":114,"column":70}},"48":{"start":{"line":116,"column":4},"end":{"line":116,"column":14}},"49":{"start":{"line":119,"column":36},"end":{"line":119,"column":38}},"50":{"start":{"line":120,"column":19},"end":{"line":120,"column":47}},"51":{"start":{"line":121,"column":24},"end":{"line":121,"column":46}},"52":{"start":{"line":124,"column":27},"end":{"line":124,"column":64}},"53":{"start":{"line":126,"column":2},"end":{"line":136,"column":3}},"54":{"start":{"line":126,"column":18},"end":{"line":126,"column":19}},"55":{"start":{"line":127,"column":22},"end":{"line":127,"column":49}},"56":{"start":{"line":129,"column":4},"end":{"line":135,"column":5}},"57":{"start":{"line":130,"column":6},"end":{"line":134,"column":9}},"58":{"start":{"line":138,"column":2},"end":{"line":138,"column":19}},"59":{"start":{"line":146,"column":27},"end":{"line":147,"column":null}},"60":{"start":{"line":147,"column":24},"end":{"line":147,"column":43}},"61":{"start":{"line":150,"column":2},"end":{"line":152,"column":3}},"62":{"start":{"line":151,"column":4},"end":{"line":151,"column":13}},"63":{"start":{"line":154,"column":18},"end":{"line":154,"column":47}},"64":{"start":{"line":155,"column":18},"end":{"line":155,"column":47}},"65":{"start":{"line":157,"column":2},"end":{"line":157,"column":27}},"66":{"start":{"line":167,"column":15},"end":{"line":167,"column":39}},"67":{"start":{"line":168,"column":2},"end":{"line":168,"column":25}},"68":{"start":{"line":175,"column":2},"end":{"line":180,"column":3}},"69":{"start":{"line":175,"column":20},"end":{"line":175,"column":21}},"70":{"start":{"line":176,"column":17},"end":{"line":176,"column":30}},"71":{"start":{"line":177,"column":4},"end":{"line":179,"column":5}},"72":{"start":{"line":178,"column":6},"end":{"line":178,"column":45}},"73":{"start":{"line":181,"column":2},"end":{"line":181,"column":14}},"74":{"start":{"line":188,"column":2},"end":{"line":188,"column":48}},"75":{"start":{"line":188,"column":29},"end":{"line":188,"column":39}},"76":{"start":{"line":195,"column":2},"end":{"line":195,"column":48}},"77":{"start":{"line":195,"column":29},"end":{"line":195,"column":39}},"78":{"start":{"line":202,"column":27},"end":{"line":203,"column":null}},"79":{"start":{"line":203,"column":24},"end":{"line":203,"column":43}},"80":{"start":{"line":206,"column":2},"end":{"line":208,"column":3}},"81":{"start":{"line":207,"column":4},"end":{"line":207,"column":13}},"82":{"start":{"line":210,"column":2},"end":{"line":210,"column":39}},"83":{"start":{"line":221,"column":2},"end":{"line":226,"column":3}},"84":{"start":{"line":222,"column":4},"end":{"line":224,"column":5}},"85":{"start":{"line":223,"column":6},"end":{"line":223,"column":70}},"86":{"start":{"line":225,"column":4},"end":{"line":225,"column":17}},"87":{"start":{"line":227,"column":19},"end":{"line":227,"column":47}},"88":{"start":{"line":228,"column":24},"end":{"line":228,"column":46}},"89":{"start":{"line":229,"column":2},"end":{"line":229,"column":73}},"90":{"start":{"line":229,"column":35},"end":{"line":229,"column":71}}},"fnMap":{"0":{"name":"getNoteAtPosition","decl":{"start":{"line":34,"column":16},"end":{"line":34,"column":33}},"loc":{"start":{"line":34,"column":62},"end":{"line":43,"column":1}}},"1":{"name":"findNotePositions","decl":{"start":{"line":48,"column":16},"end":{"line":48,"column":33}},"loc":{"start":{"line":50,"column":28},"end":{"line":72,"column":1}}},"2":{"name":"buildFretboardMap","decl":{"start":{"line":78,"column":16},"end":{"line":78,"column":33}},"loc":{"start":{"line":78,"column":33},"end":{"line":91,"column":1}}},"3":{"name":"getPositionsForNote","decl":{"start":{"line":96,"column":16},"end":{"line":96,"column":35}},"loc":{"start":{"line":96,"column":48},"end":{"line":100,"column":1}}},"4":{"name":"getChordPositionsOnString","decl":{"start":{"line":106,"column":16},"end":{"line":106,"column":41}},"loc":{"start":{"line":109,"column":28},"end":{"line":139,"column":1}}},"5":{"name":"calculateFretSpan","decl":{"start":{"line":145,"column":16},"end":{"line":145,"column":33}},"loc":{"start":{"line":145,"column":58},"end":{"line":158,"column":1}}},"6":{"name":"(anonymous_6)","decl":{"start":{"line":147,"column":4},"end":{"line":147,"column":5}},"loc":{"start":{"line":147,"column":24},"end":{"line":147,"column":43}}},"7":{"name":"isPlayable","decl":{"start":{"line":163,"column":16},"end":{"line":163,"column":26}},"loc":{"start":{"line":165,"column":33},"end":{"line":169,"column":1}}},"8":{"name":"getBassNote","decl":{"start":{"line":174,"column":16},"end":{"line":174,"column":27}},"loc":{"start":{"line":174,"column":52},"end":{"line":182,"column":1}}},"9":{"name":"countPlayedStrings","decl":{"start":{"line":187,"column":16},"end":{"line":187,"column":34}},"loc":{"start":{"line":187,"column":59},"end":{"line":189,"column":1}}},"10":{"name":"(anonymous_10)","decl":{"start":{"line":188,"column":22},"end":{"line":188,"column":23}},"loc":{"start":{"line":188,"column":29},"end":{"line":188,"column":39}}},"11":{"name":"countMutedStrings","decl":{"start":{"line":194,"column":16},"end":{"line":194,"column":33}},"loc":{"start":{"line":194,"column":58},"end":{"line":196,"column":1}}},"12":{"name":"(anonymous_12)","decl":{"start":{"line":195,"column":22},"end":{"line":195,"column":23}},"loc":{"start":{"line":195,"column":29},"end":{"line":195,"column":39}}},"13":{"name":"getBaseFret","decl":{"start":{"line":201,"column":16},"end":{"line":201,"column":27}},"loc":{"start":{"line":201,"column":52},"end":{"line":211,"column":1}}},"14":{"name":"(anonymous_14)","decl":{"start":{"line":203,"column":4},"end":{"line":203,"column":5}},"loc":{"start":{"line":203,"column":24},"end":{"line":203,"column":43}}},"15":{"name":"isOpenStringChordTone","decl":{"start":{"line":217,"column":16},"end":{"line":217,"column":37}},"loc":{"start":{"line":219,"column":24},"end":{"line":230,"column":1}}},"16":{"name":"(anonymous_16)","decl":{"start":{"line":229,"column":25},"end":{"line":229,"column":26}},"loc":{"start":{"line":229,"column":35},"end":{"line":229,"column":71}}}},"branchMap":{"0":{"loc":{"start":{"line":35,"column":2},"end":{"line":40,"column":3}},"type":"if","locations":[{"start":{"line":35,"column":2},"end":{"line":40,"column":3}},{"start":{},"end":{}}]},"1":{"loc":{"start":{"line":35,"column":6},"end":{"line":35,"column":42}},"type":"binary-expr","locations":[{"start":{"line":35,"column":6},"end":{"line":35,"column":16}},{"start":{"line":35,"column":20},"end":{"line":35,"column":42}}]},"2":{"loc":{"start":{"line":36,"column":4},"end":{"line":38,"column":5}},"type":"if","locations":[{"start":{"line":36,"column":4},"end":{"line":38,"column":5}},{"start":{},"end":{}}]},"3":{"loc":{"start":{"line":50,"column":2},"end":{"line":50,"column":28}},"type":"default-arg","locations":[{"start":{"line":50,"column":20},"end":{"line":50,"column":28}}]},"4":{"loc":{"start":{"line":61,"column":6},"end":{"line":67,"column":7}},"type":"if","locations":[{"start":{"line":61,"column":6},"end":{"line":67,"column":7}},{"start":{},"end":{}}]},"5":{"loc":{"start":{"line":79,"column":2},"end":{"line":81,"column":3}},"type":"if","locations":[{"start":{"line":79,"column":2},"end":{"line":81,"column":3}},{"start":{},"end":{}}]},"6":{"loc":{"start":{"line":99,"column":9},"end":{"line":99,"column":38}},"type":"binary-expr","locations":[{"start":{"line":99,"column":9},"end":{"line":99,"column":32}},{"start":{"line":99,"column":36},"end":{"line":99,"column":38}}]},"7":{"loc":{"start":{"line":109,"column":2},"end":{"line":109,"column":28}},"type":"default-arg","locations":[{"start":{"line":109,"column":20},"end":{"line":109,"column":28}}]},"8":{"loc":{"start":{"line":112,"column":2},"end":{"line":117,"column":3}},"type":"if","locations":[{"start":{"line":112,"column":2},"end":{"line":117,"column":3}},{"start":{},"end":{}}]},"9":{"loc":{"start":{"line":112,"column":6},"end":{"line":112,"column":52}},"type":"binary-expr","locations":[{"start":{"line":112,"column":6},"end":{"line":112,"column":21}},{"start":{"line":112,"column":25},"end":{"line":112,"column":52}}]},"10":{"loc":{"start":{"line":113,"column":4},"end":{"line":115,"column":5}},"type":"if","locations":[{"start":{"line":113,"column":4},"end":{"line":115,"column":5}},{"start":{},"end":{}}]},"11":{"loc":{"start":{"line":129,"column":4},"end":{"line":135,"column":5}},"type":"if","locations":[{"start":{"line":129,"column":4},"end":{"line":135,"column":5}},{"start":{},"end":{}}]},"12":{"loc":{"start":{"line":147,"column":24},"end":{"line":147,"column":43}},"type":"binary-expr","locations":[{"start":{"line":147,"column":24},"end":{"line":147,"column":34}},{"start":{"line":147,"column":38},"end":{"line":147,"column":43}}]},"13":{"loc":{"start":{"line":150,"column":2},"end":{"line":152,"column":3}},"type":"if","locations":[{"start":{"line":150,"column":2},"end":{"line":152,"column":3}},{"start":{},"end":{}}]},"14":{"loc":{"start":{"line":165,"column":2},"end":{"line":165,"column":33}},"type":"default-arg","locations":[{"start":{"line":165,"column":20},"end":{"line":165,"column":33}}]},"15":{"loc":{"start":{"line":177,"column":4},"end":{"line":179,"column":5}},"type":"if","locations":[{"start":{"line":177,"column":4},"end":{"line":179,"column":5}},{"start":{},"end":{}}]},"16":{"loc":{"start":{"line":203,"column":24},"end":{"line":203,"column":43}},"type":"binary-expr","locations":[{"start":{"line":203,"column":24},"end":{"line":203,"column":34}},{"start":{"line":203,"column":38},"end":{"line":203,"column":43}}]},"17":{"loc":{"start":{"line":206,"column":2},"end":{"line":208,"column":3}},"type":"if","locations":[{"start":{"line":206,"column":2},"end":{"line":208,"column":3}},{"start":{},"end":{}}]},"18":{"loc":{"start":{"line":221,"column":2},"end":{"line":226,"column":3}},"type":"if","locations":[{"start":{"line":221,"column":2},"end":{"line":226,"column":3}},{"start":{},"end":{}}]},"19":{"loc":{"start":{"line":221,"column":6},"end":{"line":221,"column":52}},"type":"binary-expr","locations":[{"start":{"line":221,"column":6},"end":{"line":221,"column":21}},{"start":{"line":221,"column":25},"end":{"line":221,"column":52}}]},"20":{"loc":{"start":{"line":222,"column":4},"end":{"line":224,"column":5}},"type":"if","locations":[{"start":{"line":222,"column":4},"end":{"line":224,"column":5}},{"start":{},"end":{}}]}},"s":{"0":4,"1":4,"2":4,"3":4,"4":4,"5":4,"6":4,"7":4,"8":4,"9":4,"10":4,"11":4,"12":4,"13":4,"14":4,"15":4,"16":4,"17":4,"18":341587,"19":3,"20":3,"21":3,"22":341584,"23":341584,"24":17,"25":17,"26":17,"27":17,"28":102,"29":102,"30":102,"31":1572,"32":1572,"33":138,"34":17,"35":0,"36":0,"37":0,"38":0,"39":0,"40":0,"41":0,"42":0,"43":0,"44":0,"45":130804,"46":3,"47":3,"48":3,"49":130801,"50":130801,"51":130801,"52":130801,"53":130801,"54":130801,"55":1699067,"56":1699067,"57":648357,"58":130801,"59":53463,"60":320778,"61":53463,"62":27,"63":53436,"64":53436,"65":53436,"66":8,"67":8,"68":6,"69":6,"70":13,"71":13,"72":5,"73":1,"74":4,"75":24,"76":341309,"77":2047854,"78":5,"79":30,"80":5,"81":1,"82":4,"83":130810,"84":3,"85":3,"86":3,"87":130807,"88":130807,"89":130807,"90":377248},"f":{"0":341587,"1":17,"2":0,"3":0,"4":130804,"5":53463,"6":320778,"7":8,"8":6,"9":4,"10":24,"11":341309,"12":2047854,"13":5,"14":30,"15":130810,"16":377248},"b":{"0":[3,341584],"1":[341587,341586],"2":[3,0],"3":[16],"4":[138,1434],"5":[0,0],"6":[0,0],"7":[7],"8":[3,130801],"9":[130804,130803],"10":[3,0],"11":[648357,1050710],"12":[320778,254860],"13":[27,53436],"14":[6],"15":[5,8],"16":[30,28],"17":[1,4],"18":[3,130807],"19":[130810,130809],"20":[3,0]}}
,"/Users/adriaanhitge/Dropbox/ai-apps/song-streak/data/chords/generator/music-theory.ts": {"path":"/Users/adriaanhitge/Dropbox/ai-apps/song-streak/data/chords/generator/music-theory.ts","statementMap":{"0":{"start":{"line":187,"column":0},"end":{"line":187,"column":16}},"1":{"start":{"line":207,"column":0},"end":{"line":207,"column":16}},"2":{"start":{"line":217,"column":0},"end":{"line":217,"column":16}},"3":{"start":{"line":246,"column":0},"end":{"line":246,"column":16}},"4":{"start":{"line":283,"column":0},"end":{"line":283,"column":16}},"5":{"start":{"line":7,"column":13},"end":{"line":20,"column":11}},"6":{"start":{"line":25,"column":13},"end":{"line":41,"column":2}},"7":{"start":{"line":47,"column":13},"end":{"line":98,"column":2}},"8":{"start":{"line":104,"column":13},"end":{"line":182,"column":2}},"9":{"start":{"line":189,"column":21},"end":{"line":189,"column":49}},"10":{"start":{"line":191,"column":16},"end":{"line":191,"column":53}},"11":{"start":{"line":192,"column":2},"end":{"line":200,"column":3}},"12":{"start":{"line":194,"column":21},"end":{"line":194,"column":49}},"13":{"start":{"line":195,"column":22},"end":{"line":195,"column":57}},"14":{"start":{"line":196,"column":4},"end":{"line":198,"column":5}},"15":{"start":{"line":197,"column":6},"end":{"line":197,"column":52}},"16":{"start":{"line":199,"column":4},"end":{"line":199,"column":42}},"17":{"start":{"line":201,"column":2},"end":{"line":201,"column":15}},"18":{"start":{"line":208,"column":16},"end":{"line":208,"column":34}},"19":{"start":{"line":209,"column":19},"end":{"line":209,"column":55}},"20":{"start":{"line":210,"column":2},"end":{"line":210,"column":25}},"21":{"start":{"line":219,"column":21},"end":{"line":219,"column":59}},"22":{"start":{"line":220,"column":18},"end":{"line":220,"column":44}},"23":{"start":{"line":222,"column":2},"end":{"line":229,"column":3}},"24":{"start":{"line":225,"column":4},"end":{"line":227,"column":5}},"25":{"start":{"line":226,"column":6},"end":{"line":226,"column":85}},"26":{"start":{"line":228,"column":4},"end":{"line":228,"column":40}},"27":{"start":{"line":232,"column":16},"end":{"line":236,"column":4}},"28":{"start":{"line":234,"column":30},"end":{"line":234,"column":43}},"29":{"start":{"line":235,"column":4},"end":{"line":235,"column":50}},"30":{"start":{"line":239,"column":2},"end":{"line":239,"column":29}},"31":{"start":{"line":251,"column":19},"end":{"line":267,"column":4}},"32":{"start":{"line":269,"column":2},"end":{"line":273,"column":3}},"33":{"start":{"line":270,"column":4},"end":{"line":272,"column":5}},"34":{"start":{"line":271,"column":6},"end":{"line":271,"column":57}},"35":{"start":{"line":277,"column":2},"end":{"line":277,"column":53}},"36":{"start":{"line":285,"column":21},"end":{"line":285,"column":59}},"37":{"start":{"line":286,"column":2},"end":{"line":288,"column":3}},"38":{"start":{"line":287,"column":4},"end":{"line":287,"column":38}},"39":{"start":{"line":291,"column":26},"end":{"line":291,"column":47}},"40":{"start":{"line":292,"column":18},"end":{"line":292,"column":64}},"41":{"start":{"line":294,"column":2},"end":{"line":294,"column":41}}},"fnMap":{"0":{"name":"getNoteIndex","decl":{"start":{"line":187,"column":16},"end":{"line":187,"column":28}},"loc":{"start":{"line":187,"column":41},"end":{"line":202,"column":1}}},"1":{"name":"transposeNote","decl":{"start":{"line":207,"column":16},"end":{"line":207,"column":29}},"loc":{"start":{"line":207,"column":61},"end":{"line":211,"column":1}}},"2":{"name":"getChordNotes","decl":{"start":{"line":217,"column":16},"end":{"line":217,"column":29}},"loc":{"start":{"line":217,"column":59},"end":{"line":240,"column":1}}},"3":{"name":"(anonymous_3)","decl":{"start":{"line":232,"column":28},"end":{"line":232,"column":29}},"loc":{"start":{"line":232,"column":41},"end":{"line":236,"column":3}}},"4":{"name":"parseQuality","decl":{"start":{"line":246,"column":16},"end":{"line":246,"column":28}},"loc":{"start":{"line":246,"column":47},"end":{"line":278,"column":1}}},"5":{"name":"getComplexChordFormula","decl":{"start":{"line":283,"column":16},"end":{"line":283,"column":38}},"loc":{"start":{"line":283,"column":54},"end":{"line":295,"column":1}}}},"branchMap":{"0":{"loc":{"start":{"line":189,"column":21},"end":{"line":189,"column":49}},"type":"binary-expr","locations":[{"start":{"line":189,"column":21},"end":{"line":189,"column":41}},{"start":{"line":189,"column":45},"end":{"line":189,"column":49}}]},"1":{"loc":{"start":{"line":192,"column":2},"end":{"line":200,"column":3}},"type":"if","locations":[{"start":{"line":192,"column":2},"end":{"line":200,"column":3}},{"start":{},"end":{}}]},"2":{"loc":{"start":{"line":196,"column":4},"end":{"line":198,"column":5}},"type":"if","locations":[{"start":{"line":196,"column":4},"end":{"line":198,"column":5}},{"start":{},"end":{}}]},"3":{"loc":{"start":{"line":196,"column":8},"end":{"line":196,"column":35}},"type":"binary-expr","locations":[{"start":{"line":196,"column":8},"end":{"line":196,"column":24}},{"start":{"line":196,"column":28},"end":{"line":196,"column":35}}]},"4":{"loc":{"start":{"line":199,"column":11},"end":{"line":199,"column":41}},"type":"cond-expr","locations":[{"start":{"line":199,"column":28},"end":{"line":199,"column":37}},{"start":{"line":199,"column":40},"end":{"line":199,"column":41}}]},"5":{"loc":{"start":{"line":219,"column":21},"end":{"line":219,"column":59}},"type":"binary-expr","locations":[{"start":{"line":219,"column":21},"end":{"line":219,"column":48}},{"start":{"line":219,"column":52},"end":{"line":219,"column":59}}]},"6":{"loc":{"start":{"line":222,"column":2},"end":{"line":229,"column":3}},"type":"if","locations":[{"start":{"line":222,"column":2},"end":{"line":229,"column":3}},{"start":{},"end":{}}]},"7":{"loc":{"start":{"line":225,"column":4},"end":{"line":227,"column":5}},"type":"if","locations":[{"start":{"line":225,"column":4},"end":{"line":227,"column":5}},{"start":{},"end":{}}]},"8":{"loc":{"start":{"line":270,"column":4},"end":{"line":272,"column":5}},"type":"if","locations":[{"start":{"line":270,"column":4},"end":{"line":272,"column":5}},{"start":{},"end":{}}]},"9":{"loc":{"start":{"line":285,"column":21},"end":{"line":285,"column":59}},"type":"binary-expr","locations":[{"start":{"line":285,"column":21},"end":{"line":285,"column":48}},{"start":{"line":285,"column":52},"end":{"line":285,"column":59}}]},"10":{"loc":{"start":{"line":286,"column":2},"end":{"line":288,"column":3}},"type":"if","locations":[{"start":{"line":286,"column":2},"end":{"line":288,"column":3}},{"start":{},"end":{}}]},"11":{"loc":{"start":{"line":292,"column":18},"end":{"line":292,"column":64}},"type":"binary-expr","locations":[{"start":{"line":292,"column":18},"end":{"line":292,"column":49}},{"start":{"line":292,"column":53},"end":{"line":292,"column":64}}]},"12":{"loc":{"start":{"line":294,"column":9},"end":{"line":294,"column":40}},"type":"binary-expr","locations":[{"start":{"line":294,"column":9},"end":{"line":294,"column":32}},{"start":{"line":294,"column":36},"end":{"line":294,"column":40}}]}},"s":{"0":6,"1":6,"2":6,"3":6,"4":6,"5":6,"6":6,"7":6,"8":6,"9":2629609,"10":2629609,"11":2629609,"12":1,"13":1,"14":1,"15":0,"16":1,"17":2629608,"18":342185,"19":342185,"20":342185,"21":170,"22":170,"23":170,"24":0,"25":0,"26":0,"27":170,"28":580,"29":580,"30":170,"31":8,"32":8,"33":42,"34":7,"35":1,"36":5,"37":5,"38":4,"39":1,"40":1,"41":1},"f":{"0":2629609,"1":342185,"2":170,"3":580,"4":8,"5":5},"b":{"0":[2629609,2629599],"1":[1,2629608],"2":[0,1],"3":[1,0],"4":[1,0],"5":[170,2],"6":[0,170],"7":[0,0],"8":[7,35],"9":[5,1],"10":[4,1],"11":[1,1],"12":[1,1]}}
,"/Users/adriaanhitge/Dropbox/ai-apps/song-streak/data/chords/generator/voicing-generator.ts": {"path":"/Users/adriaanhitge/Dropbox/ai-apps/song-streak/data/chords/generator/voicing-generator.ts","statementMap":{"0":{"start":{"line":56,"column":0},"end":{"line":56,"column":16}},"1":{"start":{"line":229,"column":0},"end":{"line":229,"column":16}},"2":{"start":{"line":292,"column":0},"end":{"line":292,"column":16}},"3":{"start":{"line":6,"column":0},"end":{"line":6,"column":56}},"4":{"start":{"line":7,"column":0},"end":{"line":7,"column":null}},"5":{"start":{"line":30,"column":13},"end":{"line":38,"column":2}},"6":{"start":{"line":61,"column":37},"end":{"line":61,"column":79}},"7":{"start":{"line":62,"column":41},"end":{"line":62,"column":43}},"8":{"start":{"line":65,"column":27},"end":{"line":65,"column":64}},"9":{"start":{"line":66,"column":20},"end":{"line":66,"column":42}},"10":{"start":{"line":70,"column":23},"end":{"line":73,"column":4}},"11":{"start":{"line":76,"column":21},"end":{"line":76,"column":41}},"12":{"start":{"line":88,"column":4},"end":{"line":150,"column":5}},"13":{"start":{"line":90,"column":28},"end":{"line":90,"column":73}},"14":{"start":{"line":90,"column":55},"end":{"line":90,"column":65}},"15":{"start":{"line":91,"column":27},"end":{"line":91,"column":58}},"16":{"start":{"line":94,"column":6},"end":{"line":94,"column":50}},"17":{"start":{"line":94,"column":43},"end":{"line":94,"column":50}},"18":{"start":{"line":97,"column":6},"end":{"line":97,"column":54}},"19":{"start":{"line":97,"column":47},"end":{"line":97,"column":54}},"20":{"start":{"line":100,"column":38},"end":{"line":100,"column":42}},"21":{"start":{"line":101,"column":6},"end":{"line":106,"column":7}},"22":{"start":{"line":101,"column":19},"end":{"line":101,"column":20}},"23":{"start":{"line":102,"column":8},"end":{"line":105,"column":9}},"24":{"start":{"line":103,"column":10},"end":{"line":103,"column":60}},"25":{"start":{"line":104,"column":10},"end":{"line":104,"column":16}},"26":{"start":{"line":109,"column":28},"end":{"line":111,"column":15}},"27":{"start":{"line":112,"column":6},"end":{"line":112,"column":53}},"28":{"start":{"line":112,"column":46},"end":{"line":112,"column":53}},"29":{"start":{"line":115,"column":28},"end":{"line":115,"column":71}},"30":{"start":{"line":116,"column":22},"end":{"line":116,"column":50}},"31":{"start":{"line":117,"column":23},"end":{"line":117,"column":74}},"32":{"start":{"line":117,"column":53},"end":{"line":117,"column":73}},"33":{"start":{"line":118,"column":23},"end":{"line":118,"column":52}},"34":{"start":{"line":121,"column":6},"end":{"line":121,"column":27}},"35":{"start":{"line":121,"column":20},"end":{"line":121,"column":27}},"36":{"start":{"line":124,"column":6},"end":{"line":124,"column":49}},"37":{"start":{"line":124,"column":42},"end":{"line":124,"column":49}},"38":{"start":{"line":127,"column":23},"end":{"line":127,"column":54}},"39":{"start":{"line":130,"column":31},"end":{"line":131,"column":null}},"40":{"start":{"line":131,"column":28},"end":{"line":131,"column":47}},"41":{"start":{"line":134,"column":8},"end":{"line":134,"column":71}},"42":{"start":{"line":137,"column":6},"end":{"line":147,"column":9}},"43":{"start":{"line":149,"column":6},"end":{"line":149,"column":13}},"44":{"start":{"line":153,"column":30},"end":{"line":156,"column":null}},"45":{"start":{"line":161,"column":25},"end":{"line":161,"column":70}},"46":{"start":{"line":161,"column":52},"end":{"line":161,"column":62}},"47":{"start":{"line":162,"column":4},"end":{"line":169,"column":5}},"48":{"start":{"line":163,"column":6},"end":{"line":168,"column":8}},"49":{"start":{"line":172,"column":4},"end":{"line":197,"column":5}},"50":{"start":{"line":174,"column":6},"end":{"line":174,"column":44}},"51":{"start":{"line":174,"column":35},"end":{"line":174,"column":44}},"52":{"start":{"line":178,"column":8},"end":{"line":178,"column":59}},"53":{"start":{"line":180,"column":8},"end":{"line":182,"column":13}},"54":{"start":{"line":185,"column":6},"end":{"line":185,"column":53}},"55":{"start":{"line":185,"column":44},"end":{"line":185,"column":53}},"56":{"start":{"line":188,"column":29},"end":{"line":188,"column":49}},"57":{"start":{"line":189,"column":6},"end":{"line":189,"column":35}},"58":{"start":{"line":191,"column":6},"end":{"line":196,"column":8}},"59":{"start":{"line":202,"column":4},"end":{"line":217,"column":5}},"60":{"start":{"line":203,"column":23},"end":{"line":203,"column":51}},"61":{"start":{"line":204,"column":27},"end":{"line":204,"column":70}},"62":{"start":{"line":204,"column":57},"end":{"line":204,"column":69}},"63":{"start":{"line":206,"column":6},"end":{"line":216,"column":7}},"64":{"start":{"line":207,"column":31},"end":{"line":207,"column":51}},"65":{"start":{"line":208,"column":8},"end":{"line":208,"column":37}},"66":{"start":{"line":210,"column":8},"end":{"line":215,"column":10}},"67":{"start":{"line":221,"column":2},"end":{"line":221,"column":37}},"68":{"start":{"line":223,"column":2},"end":{"line":223,"column":20}},"69":{"start":{"line":235,"column":19},"end":{"line":235,"column":70}},"70":{"start":{"line":237,"column":2},"end":{"line":239,"column":3}},"71":{"start":{"line":238,"column":4},"end":{"line":238,"column":22}},"72":{"start":{"line":242,"column":2},"end":{"line":245,"column":5}},"73":{"start":{"line":247,"column":2},"end":{"line":249,"column":3}},"74":{"start":{"line":248,"column":4},"end":{"line":248,"column":22}},"75":{"start":{"line":252,"column":2},"end":{"line":257,"column":5}},"76":{"start":{"line":259,"column":2},"end":{"line":261,"column":3}},"77":{"start":{"line":260,"column":4},"end":{"line":260,"column":22}},"78":{"start":{"line":264,"column":2},"end":{"line":270,"column":5}},"79":{"start":{"line":272,"column":2},"end":{"line":274,"column":3}},"80":{"start":{"line":273,"column":4},"end":{"line":273,"column":22}},"81":{"start":{"line":277,"column":2},"end":{"line":284,"column":5}},"82":{"start":{"line":286,"column":2},"end":{"line":286,"column":20}},"83":{"start":{"line":295,"column":75},"end":{"line":295,"column":77}},"84":{"start":{"line":298,"column":20},"end":{"line":298,"column":22}},"85":{"start":{"line":299,"column":20},"end":{"line":299,"column":22}},"86":{"start":{"line":301,"column":2},"end":{"line":332,"column":3}},"87":{"start":{"line":301,"column":15},"end":{"line":301,"column":16}},"88":{"start":{"line":302,"column":17},"end":{"line":302,"column":25}},"89":{"start":{"line":304,"column":4},"end":{"line":331,"column":5}},"90":{"start":{"line":305,"column":6},"end":{"line":319,"column":7}},"91":{"start":{"line":309,"column":8},"end":{"line":315,"column":9}},"92":{"start":{"line":310,"column":10},"end":{"line":314,"column":13}},"93":{"start":{"line":317,"column":8},"end":{"line":317,"column":24}},"94":{"start":{"line":318,"column":8},"end":{"line":318,"column":27}},"95":{"start":{"line":322,"column":6},"end":{"line":328,"column":7}},"96":{"start":{"line":323,"column":8},"end":{"line":327,"column":11}},"97":{"start":{"line":329,"column":6},"end":{"line":329,"column":23}},"98":{"start":{"line":330,"column":6},"end":{"line":330,"column":23}},"99":{"start":{"line":335,"column":2},"end":{"line":345,"column":3}},"100":{"start":{"line":340,"column":4},"end":{"line":344,"column":7}},"101":{"start":{"line":347,"column":2},"end":{"line":347,"column":16}}},"fnMap":{"0":{"name":"generateVoicings","decl":{"start":{"line":56,"column":16},"end":{"line":56,"column":32}},"loc":{"start":{"line":59,"column":49},"end":{"line":224,"column":1}}},"1":{"name":"buildVoicing","decl":{"start":{"line":81,"column":11},"end":{"line":81,"column":23}},"loc":{"start":{"line":85,"column":30},"end":{"line":218,"column":3}}},"2":{"name":"(anonymous_2)","decl":{"start":{"line":90,"column":48},"end":{"line":90,"column":49}},"loc":{"start":{"line":90,"column":55},"end":{"line":90,"column":65}}},"3":{"name":"(anonymous_3)","decl":{"start":{"line":117,"column":46},"end":{"line":117,"column":47}},"loc":{"start":{"line":117,"column":53},"end":{"line":117,"column":73}}},"4":{"name":"(anonymous_4)","decl":{"start":{"line":131,"column":8},"end":{"line":131,"column":9}},"loc":{"start":{"line":131,"column":28},"end":{"line":131,"column":47}}},"5":{"name":"(anonymous_5)","decl":{"start":{"line":161,"column":45},"end":{"line":161,"column":46}},"loc":{"start":{"line":161,"column":52},"end":{"line":161,"column":62}}},"6":{"name":"(anonymous_6)","decl":{"start":{"line":204,"column":50},"end":{"line":204,"column":51}},"loc":{"start":{"line":204,"column":57},"end":{"line":204,"column":69}}},"7":{"name":"generateVoicingsWithFallback","decl":{"start":{"line":229,"column":16},"end":{"line":229,"column":44}},"loc":{"start":{"line":232,"column":49},"end":{"line":287,"column":1}}},"8":{"name":"detectBarres","decl":{"start":{"line":292,"column":16},"end":{"line":292,"column":28}},"loc":{"start":{"line":293,"column":26},"end":{"line":348,"column":1}}}},"branchMap":{"0":{"loc":{"start":{"line":59,"column":2},"end":{"line":59,"column":49}},"type":"default-arg","locations":[{"start":{"line":59,"column":47},"end":{"line":59,"column":49}}]},"1":{"loc":{"start":{"line":88,"column":4},"end":{"line":150,"column":5}},"type":"if","locations":[{"start":{"line":88,"column":4},"end":{"line":150,"column":5}},{"start":{},"end":{}}]},"2":{"loc":{"start":{"line":94,"column":6},"end":{"line":94,"column":50}},"type":"if","locations":[{"start":{"line":94,"column":6},"end":{"line":94,"column":50}},{"start":{},"end":{}}]},"3":{"loc":{"start":{"line":97,"column":6},"end":{"line":97,"column":54}},"type":"if","locations":[{"start":{"line":97,"column":6},"end":{"line":97,"column":54}},{"start":{},"end":{}}]},"4":{"loc":{"start":{"line":102,"column":8},"end":{"line":105,"column":9}},"type":"if","locations":[{"start":{"line":102,"column":8},"end":{"line":105,"column":9}},{"start":{},"end":{}}]},"5":{"loc":{"start":{"line":109,"column":28},"end":{"line":111,"column":15}},"type":"cond-expr","locations":[{"start":{"line":110,"column":10},"end":{"line":110,"column":46}},{"start":{"line":111,"column":10},"end":{"line":111,"column":15}}]},"6":{"loc":{"start":{"line":112,"column":6},"end":{"line":112,"column":53}},"type":"if","locations":[{"start":{"line":112,"column":6},"end":{"line":112,"column":53}},{"start":{},"end":{}}]},"7":{"loc":{"start":{"line":112,"column":10},"end":{"line":112,"column":44}},"type":"binary-expr","locations":[{"start":{"line":112,"column":10},"end":{"line":112,"column":26}},{"start":{"line":112,"column":30},"end":{"line":112,"column":44}}]},"8":{"loc":{"start":{"line":121,"column":6},"end":{"line":121,"column":27}},"type":"if","locations":[{"start":{"line":121,"column":6},"end":{"line":121,"column":27}},{"start":{},"end":{}}]},"9":{"loc":{"start":{"line":124,"column":6},"end":{"line":124,"column":49}},"type":"if","locations":[{"start":{"line":124,"column":6},"end":{"line":124,"column":49}},{"start":{},"end":{}}]},"10":{"loc":{"start":{"line":124,"column":10},"end":{"line":124,"column":40}},"type":"binary-expr","locations":[{"start":{"line":124,"column":10},"end":{"line":124,"column":27}},{"start":{"line":124,"column":31},"end":{"line":124,"column":40}}]},"11":{"loc":{"start":{"line":131,"column":28},"end":{"line":131,"column":47}},"type":"binary-expr","locations":[{"start":{"line":131,"column":28},"end":{"line":131,"column":38}},{"start":{"line":131,"column":42},"end":{"line":131,"column":47}}]},"12":{"loc":{"start":{"line":134,"column":8},"end":{"line":134,"column":71}},"type":"cond-expr","locations":[{"start":{"line":134,"column":38},"end":{"line":134,"column":67}},{"start":{"line":134,"column":70},"end":{"line":134,"column":71}}]},"13":{"loc":{"start":{"line":162,"column":4},"end":{"line":169,"column":5}},"type":"if","locations":[{"start":{"line":162,"column":4},"end":{"line":169,"column":5}},{"start":{},"end":{}}]},"14":{"loc":{"start":{"line":174,"column":6},"end":{"line":174,"column":44}},"type":"if","locations":[{"start":{"line":174,"column":6},"end":{"line":174,"column":44}},{"start":{},"end":{}}]},"15":{"loc":{"start":{"line":178,"column":8},"end":{"line":178,"column":59}},"type":"cond-expr","locations":[{"start":{"line":178,"column":23},"end":{"line":178,"column":47}},{"start":{"line":178,"column":50},"end":{"line":178,"column":59}}]},"16":{"loc":{"start":{"line":180,"column":8},"end":{"line":182,"column":13}},"type":"cond-expr","locations":[{"start":{"line":181,"column":12},"end":{"line":181,"column":69}},{"start":{"line":182,"column":12},"end":{"line":182,"column":13}}]},"17":{"loc":{"start":{"line":185,"column":6},"end":{"line":185,"column":53}},"type":"if","locations":[{"start":{"line":185,"column":6},"end":{"line":185,"column":53}},{"start":{},"end":{}}]},"18":{"loc":{"start":{"line":194,"column":8},"end":{"line":194,"column":59}},"type":"cond-expr","locations":[{"start":{"line":194,"column":23},"end":{"line":194,"column":47}},{"start":{"line":194,"column":50},"end":{"line":194,"column":59}}]},"19":{"loc":{"start":{"line":202,"column":4},"end":{"line":217,"column":5}},"type":"if","locations":[{"start":{"line":202,"column":4},"end":{"line":217,"column":5}},{"start":{},"end":{}}]},"20":{"loc":{"start":{"line":206,"column":6},"end":{"line":216,"column":7}},"type":"if","locations":[{"start":{"line":206,"column":6},"end":{"line":216,"column":7}},{"start":{},"end":{}}]},"21":{"loc":{"start":{"line":232,"column":2},"end":{"line":232,"column":49}},"type":"default-arg","locations":[{"start":{"line":232,"column":47},"end":{"line":232,"column":49}}]},"22":{"loc":{"start":{"line":237,"column":2},"end":{"line":239,"column":3}},"type":"if","locations":[{"start":{"line":237,"column":2},"end":{"line":239,"column":3}},{"start":{},"end":{}}]},"23":{"loc":{"start":{"line":247,"column":2},"end":{"line":249,"column":3}},"type":"if","locations":[{"start":{"line":247,"column":2},"end":{"line":249,"column":3}},{"start":{},"end":{}}]},"24":{"loc":{"start":{"line":259,"column":2},"end":{"line":261,"column":3}},"type":"if","locations":[{"start":{"line":259,"column":2},"end":{"line":261,"column":3}},{"start":{},"end":{}}]},"25":{"loc":{"start":{"line":272,"column":2},"end":{"line":274,"column":3}},"type":"if","locations":[{"start":{"line":272,"column":2},"end":{"line":274,"column":3}},{"start":{},"end":{}}]},"26":{"loc":{"start":{"line":304,"column":4},"end":{"line":331,"column":5}},"type":"if","locations":[{"start":{"line":304,"column":4},"end":{"line":331,"column":5}},{"start":{"line":320,"column":11},"end":{"line":331,"column":5}}]},"27":{"loc":{"start":{"line":304,"column":8},"end":{"line":304,"column":33}},"type":"binary-expr","locations":[{"start":{"line":304,"column":8},"end":{"line":304,"column":21}},{"start":{"line":304,"column":25},"end":{"line":304,"column":33}}]},"28":{"loc":{"start":{"line":305,"column":6},"end":{"line":319,"column":7}},"type":"if","locations":[{"start":{"line":305,"column":6},"end":{"line":319,"column":7}},{"start":{"line":307,"column":13},"end":{"line":319,"column":7}}]},"29":{"loc":{"start":{"line":305,"column":10},"end":{"line":305,"column":52}},"type":"binary-expr","locations":[{"start":{"line":305,"column":10},"end":{"line":305,"column":30}},{"start":{"line":305,"column":34},"end":{"line":305,"column":52}}]},"30":{"loc":{"start":{"line":309,"column":8},"end":{"line":315,"column":9}},"type":"if","locations":[{"start":{"line":309,"column":8},"end":{"line":315,"column":9}},{"start":{},"end":{}}]},"31":{"loc":{"start":{"line":309,"column":12},"end":{"line":309,"column":73}},"type":"binary-expr","locations":[{"start":{"line":309,"column":12},"end":{"line":309,"column":30}},{"start":{"line":309,"column":34},"end":{"line":309,"column":54}},{"start":{"line":309,"column":58},"end":{"line":309,"column":73}}]},"32":{"loc":{"start":{"line":322,"column":6},"end":{"line":328,"column":7}},"type":"if","locations":[{"start":{"line":322,"column":6},"end":{"line":328,"column":7}},{"start":{},"end":{}}]},"33":{"loc":{"start":{"line":322,"column":10},"end":{"line":322,"column":71}},"type":"binary-expr","locations":[{"start":{"line":322,"column":10},"end":{"line":322,"column":28}},{"start":{"line":322,"column":32},"end":{"line":322,"column":52}},{"start":{"line":322,"column":56},"end":{"line":322,"column":71}}]},"34":{"loc":{"start":{"line":335,"column":2},"end":{"line":345,"column":3}},"type":"if","locations":[{"start":{"line":335,"column":2},"end":{"line":345,"column":3}},{"start":{},"end":{}}]},"35":{"loc":{"start":{"line":336,"column":4},"end":{"line":338,"column":19}},"type":"binary-expr","locations":[{"start":{"line":336,"column":4},"end":{"line":336,"column":22}},{"start":{"line":337,"column":4},"end":{"line":337,"column":35}},{"start":{"line":338,"column":4},"end":{"line":338,"column":19}}]}},"s":{"0":3,"1":3,"2":3,"3":3,"4":3,"5":3,"6":107,"7":107,"8":107,"9":107,"10":107,"11":107,"12":472101,"13":341305,"14":2047830,"15":341305,"16":341305,"17":496,"18":340809,"19":0,"20":340809,"21":340809,"22":340809,"23":414078,"24":340809,"25":340809,"26":340809,"27":340809,"28":233842,"29":106967,"30":106967,"31":106967,"32":193426,"33":106967,"34":106967,"35":4908,"36":102059,"37":48613,"38":53446,"39":53446,"40":320676,"41":53446,"42":53446,"43":53446,"44":130796,"45":130796,"46":601236,"47":130796,"48":94945,"49":130796,"50":648336,"51":0,"52":648336,"53":648336,"54":648336,"55":271287,"56":377049,"57":377049,"58":377049,"59":130796,"60":90884,"61":90884,"62":90884,"63":90884,"64":0,"65":0,"66":0,"67":107,"68":107,"69":66,"70":66,"71":61,"72":5,"73":5,"74":0,"75":5,"76":5,"77":0,"78":5,"79":5,"80":0,"81":5,"82":5,"83":312,"84":312,"85":312,"86":312,"87":312,"88":1872,"89":1872,"90":1034,"91":831,"92":16,"93":831,"94":831,"95":838,"96":15,"97":838,"98":838,"99":312,"100":13,"101":312},"f":{"0":107,"1":472101,"2":2047830,"3":193426,"4":320676,"5":601236,"6":90884,"7":66,"8":312},"b":{"0":[13],"1":[341305,130796],"2":[496,340809],"3":[0,340809],"4":[340809,73269],"5":[340809,0],"6":[233842,106967],"7":[340809,304000],"8":[4908,102059],"9":[48613,53446],"10":[102059,91112],"11":[320676,254787],"12":[53422,24],"13":[94945,35851],"14":[0,648336],"15":[557452,90884],"16":[647730,606],"17":[271287,377049],"18":[286165,90884],"19":[90884,39912],"20":[0,90884],"21":[66],"22":[61,5],"23":[0,5],"24":[0,5],"25":[0,5],"26":[1034,838],"27":[1872,1597],"28":[203,831],"29":[1034,203],"30":[16,815],"31":[831,397,16],"32":[15,823],"33":[838,283,15],"34":[13,299],"35":[312,151,13]}}
,"/Users/adriaanhitge/Dropbox/ai-apps/song-streak/data/chords/generator/voicing-scorer.ts": {"path":"/Users/adriaanhitge/Dropbox/ai-apps/song-streak/data/chords/generator/voicing-scorer.ts","statementMap":{"0":{"start":{"line":157,"column":0},"end":{"line":157,"column":16}},"1":{"start":{"line":302,"column":0},"end":{"line":302,"column":16}},"2":{"start":{"line":321,"column":0},"end":{"line":321,"column":16}},"3":{"start":{"line":6,"column":0},"end":{"line":6,"column":56}},"4":{"start":{"line":25,"column":22},"end":{"line":42,"column":2}},"5":{"start":{"line":48,"column":18},"end":{"line":48,"column":19}},"6":{"start":{"line":50,"column":2},"end":{"line":85,"column":3}},"7":{"start":{"line":51,"column":18},"end":{"line":51,"column":19}},"8":{"start":{"line":52,"column":22},"end":{"line":52,"column":23}},"9":{"start":{"line":54,"column":4},"end":{"line":81,"column":5}},"10":{"start":{"line":54,"column":17},"end":{"line":54,"column":18}},"11":{"start":{"line":55,"column":26},"end":{"line":55,"column":34}},"12":{"start":{"line":56,"column":24},"end":{"line":56,"column":32}},"13":{"start":{"line":59,"column":6},"end":{"line":63,"column":7}},"14":{"start":{"line":60,"column":8},"end":{"line":60,"column":18}},"15":{"start":{"line":61,"column":8},"end":{"line":61,"column":22}},"16":{"start":{"line":62,"column":8},"end":{"line":62,"column":17}},"17":{"start":{"line":66,"column":6},"end":{"line":69,"column":7}},"18":{"start":{"line":67,"column":8},"end":{"line":67,"column":22}},"19":{"start":{"line":68,"column":8},"end":{"line":68,"column":17}},"20":{"start":{"line":72,"column":6},"end":{"line":72,"column":20}},"21":{"start":{"line":75,"column":6},"end":{"line":80,"column":7}},"22":{"start":{"line":79,"column":8},"end":{"line":79,"column":18}},"23":{"start":{"line":83,"column":23},"end":{"line":83,"column":66}},"24":{"start":{"line":84,"column":4},"end":{"line":84,"column":48}},"25":{"start":{"line":87,"column":2},"end":{"line":87,"column":19}},"26":{"start":{"line":94,"column":2},"end":{"line":94,"column":45}},"27":{"start":{"line":94,"column":29},"end":{"line":94,"column":36}},"28":{"start":{"line":101,"column":19},"end":{"line":101,"column":21}},"29":{"start":{"line":103,"column":2},"end":{"line":112,"column":3}},"30":{"start":{"line":103,"column":15},"end":{"line":103,"column":16}},"31":{"start":{"line":104,"column":4},"end":{"line":111,"column":5}},"32":{"start":{"line":105,"column":6},"end":{"line":109,"column":7}},"33":{"start":{"line":108,"column":8},"end":{"line":108,"column":20}},"34":{"start":{"line":110,"column":6},"end":{"line":110,"column":21}},"35":{"start":{"line":114,"column":2},"end":{"line":114,"column":15}},"36":{"start":{"line":121,"column":63},"end":{"line":121,"column":65}},"37":{"start":{"line":123,"column":2},"end":{"line":127,"column":3}},"38":{"start":{"line":123,"column":15},"end":{"line":123,"column":16}},"39":{"start":{"line":124,"column":4},"end":{"line":126,"column":5}},"40":{"start":{"line":125,"column":6},"end":{"line":125,"column":60}},"41":{"start":{"line":129,"column":2},"end":{"line":129,"column":45}},"42":{"start":{"line":129,"column":36},"end":{"line":129,"column":45}},"43":{"start":{"line":132,"column":22},"end":{"line":132,"column":23}},"44":{"start":{"line":134,"column":2},"end":{"line":149,"column":3}},"45":{"start":{"line":134,"column":15},"end":{"line":134,"column":16}},"46":{"start":{"line":135,"column":4},"end":{"line":148,"column":5}},"47":{"start":{"line":135,"column":17},"end":{"line":135,"column":22}},"48":{"start":{"line":136,"column":23},"end":{"line":137,"column":null}},"49":{"start":{"line":139,"column":25},"end":{"line":140,"column":null}},"50":{"start":{"line":144,"column":6},"end":{"line":147,"column":7}},"51":{"start":{"line":145,"column":27},"end":{"line":145,"column":48}},"52":{"start":{"line":146,"column":8},"end":{"line":146,"column":60}},"53":{"start":{"line":151,"column":2},"end":{"line":151,"column":23}},"54":{"start":{"line":161,"column":20},"end":{"line":167,"column":4}},"55":{"start":{"line":171,"column":2},"end":{"line":177,"column":3}},"56":{"start":{"line":172,"column":4},"end":{"line":172,"column":32}},"57":{"start":{"line":173,"column":9},"end":{"line":177,"column":3}},"58":{"start":{"line":174,"column":4},"end":{"line":174,"column":32}},"59":{"start":{"line":175,"column":9},"end":{"line":177,"column":3}},"60":{"start":{"line":176,"column":4},"end":{"line":176,"column":31}},"61":{"start":{"line":180,"column":22},"end":{"line":180,"column":55}},"62":{"start":{"line":181,"column":2},"end":{"line":181,"column":56}},"63":{"start":{"line":184,"column":2},"end":{"line":190,"column":3}},"64":{"start":{"line":185,"column":4},"end":{"line":185,"column":31}},"65":{"start":{"line":186,"column":9},"end":{"line":190,"column":3}},"66":{"start":{"line":187,"column":4},"end":{"line":187,"column":31}},"67":{"start":{"line":188,"column":9},"end":{"line":190,"column":3}},"68":{"start":{"line":189,"column":4},"end":{"line":189,"column":31}},"69":{"start":{"line":193,"column":28},"end":{"line":193,"column":71}},"70":{"start":{"line":194,"column":2},"end":{"line":194,"column":62}},"71":{"start":{"line":197,"column":2},"end":{"line":197,"column":61}},"72":{"start":{"line":201,"column":2},"end":{"line":209,"column":3}},"73":{"start":{"line":202,"column":22},"end":{"line":202,"column":54}},"74":{"start":{"line":203,"column":22},"end":{"line":203,"column":49}},"75":{"start":{"line":204,"column":4},"end":{"line":208,"column":5}},"76":{"start":{"line":205,"column":6},"end":{"line":205,"column":35}},"77":{"start":{"line":207,"column":6},"end":{"line":207,"column":34}},"78":{"start":{"line":212,"column":2},"end":{"line":217,"column":3}},"79":{"start":{"line":213,"column":4},"end":{"line":213,"column":33}},"80":{"start":{"line":216,"column":4},"end":{"line":216,"column":33}},"81":{"start":{"line":220,"column":2},"end":{"line":222,"column":3}},"82":{"start":{"line":221,"column":4},"end":{"line":221,"column":32}},"83":{"start":{"line":226,"column":21},"end":{"line":226,"column":53}},"84":{"start":{"line":227,"column":2},"end":{"line":227,"column":54}},"85":{"start":{"line":230,"column":2},"end":{"line":232,"column":3}},"86":{"start":{"line":231,"column":4},"end":{"line":231,"column":30}},"87":{"start":{"line":236,"column":4},"end":{"line":236,"column":62}},"88":{"start":{"line":238,"column":4},"end":{"line":238,"column":62}},"89":{"start":{"line":239,"column":2},"end":{"line":241,"column":3}},"90":{"start":{"line":240,"column":4},"end":{"line":240,"column":30}},"91":{"start":{"line":245,"column":28},"end":{"line":246,"column":null}},"92":{"start":{"line":246,"column":37},"end":{"line":246,"column":52}},"93":{"start":{"line":248,"column":26},"end":{"line":248,"column":78}},"94":{"start":{"line":248,"column":56},"end":{"line":248,"column":71}},"95":{"start":{"line":249,"column":19},"end":{"line":249,"column":59}},"96":{"start":{"line":251,"column":2},"end":{"line":259,"column":3}},"97":{"start":{"line":252,"column":4},"end":{"line":252,"column":32}},"98":{"start":{"line":253,"column":9},"end":{"line":259,"column":3}},"99":{"start":{"line":254,"column":4},"end":{"line":254,"column":32}},"100":{"start":{"line":255,"column":9},"end":{"line":259,"column":3}},"101":{"start":{"line":256,"column":4},"end":{"line":256,"column":31}},"102":{"start":{"line":258,"column":4},"end":{"line":258,"column":31}},"103":{"start":{"line":263,"column":2},"end":{"line":269,"column":3}},"104":{"start":{"line":264,"column":4},"end":{"line":264,"column":28}},"105":{"start":{"line":265,"column":9},"end":{"line":269,"column":3}},"106":{"start":{"line":266,"column":4},"end":{"line":266,"column":28}},"107":{"start":{"line":267,"column":9},"end":{"line":269,"column":3}},"108":{"start":{"line":268,"column":4},"end":{"line":268,"column":28}},"109":{"start":{"line":272,"column":24},"end":{"line":274,"column":26}},"110":{"start":{"line":273,"column":20},"end":{"line":273,"column":39}},"111":{"start":{"line":274,"column":19},"end":{"line":274,"column":25}},"112":{"start":{"line":276,"column":2},"end":{"line":286,"column":3}},"113":{"start":{"line":278,"column":6},"end":{"line":278,"column":68}},"114":{"start":{"line":279,"column":4},"end":{"line":285,"column":5}},"115":{"start":{"line":280,"column":6},"end":{"line":280,"column":30}},"116":{"start":{"line":281,"column":11},"end":{"line":285,"column":5}},"117":{"start":{"line":282,"column":6},"end":{"line":282,"column":30}},"118":{"start":{"line":283,"column":11},"end":{"line":285,"column":5}},"119":{"start":{"line":284,"column":6},"end":{"line":284,"column":30}},"120":{"start":{"line":290,"column":4},"end":{"line":294,"column":22}},"121":{"start":{"line":296,"column":2},"end":{"line":296,"column":30}},"122":{"start":{"line":307,"column":17},"end":{"line":310,"column":5}},"123":{"start":{"line":307,"column":48},"end":{"line":310,"column":4}},"124":{"start":{"line":313,"column":2},"end":{"line":313,"column":55}},"125":{"start":{"line":313,"column":24},"end":{"line":313,"column":53}},"126":{"start":{"line":315,"column":2},"end":{"line":315,"column":32}},"127":{"start":{"line":325,"column":17},"end":{"line":325,"column":56}},"128":{"start":{"line":326,"column":2},"end":{"line":326,"column":46}}},"fnMap":{"0":{"name":"shapeMatchScore","decl":{"start":{"line":47,"column":9},"end":{"line":47,"column":24}},"loc":{"start":{"line":47,"column":49},"end":{"line":88,"column":1}}},"1":{"name":"countOpenStrings","decl":{"start":{"line":93,"column":9},"end":{"line":93,"column":25}},"loc":{"start":{"line":93,"column":50},"end":{"line":95,"column":1}}},"2":{"name":"(anonymous_2)","decl":{"start":{"line":94,"column":22},"end":{"line":94,"column":23}},"loc":{"start":{"line":94,"column":29},"end":{"line":94,"column":36}}},"3":{"name":"hasAdjacentSkips","decl":{"start":{"line":100,"column":9},"end":{"line":100,"column":25}},"loc":{"start":{"line":100,"column":50},"end":{"line":115,"column":1}}},"4":{"name":"calculateStretchDifficulty","decl":{"start":{"line":120,"column":9},"end":{"line":120,"column":35}},"loc":{"start":{"line":120,"column":60},"end":{"line":152,"column":1}}},"5":{"name":"scoreVoicing","decl":{"start":{"line":157,"column":16},"end":{"line":157,"column":28}},"loc":{"start":{"line":159,"column":24},"end":{"line":297,"column":1}}},"6":{"name":"(anonymous_6)","decl":{"start":{"line":246,"column":30},"end":{"line":246,"column":31}},"loc":{"start":{"line":246,"column":37},"end":{"line":246,"column":52}}},"7":{"name":"(anonymous_7)","decl":{"start":{"line":248,"column":49},"end":{"line":248,"column":50}},"loc":{"start":{"line":248,"column":56},"end":{"line":248,"column":71}}},"8":{"name":"(anonymous_8)","decl":{"start":{"line":273,"column":9},"end":{"line":273,"column":10}},"loc":{"start":{"line":273,"column":20},"end":{"line":273,"column":39}}},"9":{"name":"(anonymous_9)","decl":{"start":{"line":274,"column":12},"end":{"line":274,"column":13}},"loc":{"start":{"line":274,"column":19},"end":{"line":274,"column":25}}},"10":{"name":"rankVoicings","decl":{"start":{"line":302,"column":16},"end":{"line":302,"column":28}},"loc":{"start":{"line":305,"column":19},"end":{"line":316,"column":1}}},"11":{"name":"(anonymous_11)","decl":{"start":{"line":307,"column":32},"end":{"line":307,"column":33}},"loc":{"start":{"line":307,"column":48},"end":{"line":310,"column":4}}},"12":{"name":"(anonymous_12)","decl":{"start":{"line":313,"column":14},"end":{"line":313,"column":15}},"loc":{"start":{"line":313,"column":24},"end":{"line":313,"column":53}}},"13":{"name":"getBestVoicing","decl":{"start":{"line":321,"column":16},"end":{"line":321,"column":30}},"loc":{"start":{"line":323,"column":24},"end":{"line":327,"column":1}}}},"branchMap":{"0":{"loc":{"start":{"line":59,"column":6},"end":{"line":63,"column":7}},"type":"if","locations":[{"start":{"line":59,"column":6},"end":{"line":63,"column":7}},{"start":{},"end":{}}]},"1":{"loc":{"start":{"line":59,"column":10},"end":{"line":59,"column":52}},"type":"binary-expr","locations":[{"start":{"line":59,"column":10},"end":{"line":59,"column":30}},{"start":{"line":59,"column":34},"end":{"line":59,"column":52}}]},"2":{"loc":{"start":{"line":66,"column":6},"end":{"line":69,"column":7}},"type":"if","locations":[{"start":{"line":66,"column":6},"end":{"line":69,"column":7}},{"start":{},"end":{}}]},"3":{"loc":{"start":{"line":66,"column":10},"end":{"line":66,"column":52}},"type":"binary-expr","locations":[{"start":{"line":66,"column":10},"end":{"line":66,"column":30}},{"start":{"line":66,"column":34},"end":{"line":66,"column":52}}]},"4":{"loc":{"start":{"line":75,"column":6},"end":{"line":80,"column":7}},"type":"if","locations":[{"start":{"line":75,"column":6},"end":{"line":80,"column":7}},{"start":{},"end":{}}]},"5":{"loc":{"start":{"line":76,"column":8},"end":{"line":77,"column":42}},"type":"binary-expr","locations":[{"start":{"line":76,"column":9},"end":{"line":76,"column":26}},{"start":{"line":76,"column":30},"end":{"line":76,"column":45}},{"start":{"line":77,"column":9},"end":{"line":77,"column":24}},{"start":{"line":77,"column":28},"end":{"line":77,"column":41}}]},"6":{"loc":{"start":{"line":83,"column":23},"end":{"line":83,"column":66}},"type":"cond-expr","locations":[{"start":{"line":83,"column":41},"end":{"line":83,"column":62}},{"start":{"line":83,"column":65},"end":{"line":83,"column":66}}]},"7":{"loc":{"start":{"line":104,"column":4},"end":{"line":111,"column":5}},"type":"if","locations":[{"start":{"line":104,"column":4},"end":{"line":111,"column":5}},{"start":{},"end":{}}]},"8":{"loc":{"start":{"line":105,"column":6},"end":{"line":109,"column":7}},"type":"if","locations":[{"start":{"line":105,"column":6},"end":{"line":109,"column":7}},{"start":{},"end":{}}]},"9":{"loc":{"start":{"line":105,"column":10},"end":{"line":105,"column":49}},"type":"binary-expr","locations":[{"start":{"line":105,"column":10},"end":{"line":105,"column":27}},{"start":{"line":105,"column":31},"end":{"line":105,"column":49}}]},"10":{"loc":{"start":{"line":124,"column":4},"end":{"line":126,"column":5}},"type":"if","locations":[{"start":{"line":124,"column":4},"end":{"line":126,"column":5}},{"start":{},"end":{}}]},"11":{"loc":{"start":{"line":124,"column":8},"end":{"line":124,"column":42}},"type":"binary-expr","locations":[{"start":{"line":124,"column":8},"end":{"line":124,"column":25}},{"start":{"line":124,"column":29},"end":{"line":124,"column":42}}]},"12":{"loc":{"start":{"line":129,"column":2},"end":{"line":129,"column":45}},"type":"if","locations":[{"start":{"line":129,"column":2},"end":{"line":129,"column":45}},{"start":{},"end":{}}]},"13":{"loc":{"start":{"line":144,"column":6},"end":{"line":147,"column":7}},"type":"if","locations":[{"start":{"line":144,"column":6},"end":{"line":147,"column":7}},{"start":{},"end":{}}]},"14":{"loc":{"start":{"line":144,"column":10},"end":{"line":144,"column":40}},"type":"binary-expr","locations":[{"start":{"line":144,"column":10},"end":{"line":144,"column":24}},{"start":{"line":144,"column":28},"end":{"line":144,"column":40}}]},"15":{"loc":{"start":{"line":171,"column":2},"end":{"line":177,"column":3}},"type":"if","locations":[{"start":{"line":171,"column":2},"end":{"line":177,"column":3}},{"start":{"line":173,"column":9},"end":{"line":177,"column":3}}]},"16":{"loc":{"start":{"line":173,"column":9},"end":{"line":177,"column":3}},"type":"if","locations":[{"start":{"line":173,"column":9},"end":{"line":177,"column":3}},{"start":{"line":175,"column":9},"end":{"line":177,"column":3}}]},"17":{"loc":{"start":{"line":175,"column":9},"end":{"line":177,"column":3}},"type":"if","locations":[{"start":{"line":175,"column":9},"end":{"line":177,"column":3}},{"start":{},"end":{}}]},"18":{"loc":{"start":{"line":184,"column":2},"end":{"line":190,"column":3}},"type":"if","locations":[{"start":{"line":184,"column":2},"end":{"line":190,"column":3}},{"start":{"line":186,"column":9},"end":{"line":190,"column":3}}]},"19":{"loc":{"start":{"line":186,"column":9},"end":{"line":190,"column":3}},"type":"if","locations":[{"start":{"line":186,"column":9},"end":{"line":190,"column":3}},{"start":{"line":188,"column":9},"end":{"line":190,"column":3}}]},"20":{"loc":{"start":{"line":188,"column":9},"end":{"line":190,"column":3}},"type":"if","locations":[{"start":{"line":188,"column":9},"end":{"line":190,"column":3}},{"start":{},"end":{}}]},"21":{"loc":{"start":{"line":201,"column":2},"end":{"line":209,"column":3}},"type":"if","locations":[{"start":{"line":201,"column":2},"end":{"line":209,"column":3}},{"start":{},"end":{}}]},"22":{"loc":{"start":{"line":201,"column":6},"end":{"line":201,"column":45}},"type":"binary-expr","locations":[{"start":{"line":201,"column":6},"end":{"line":201,"column":23}},{"start":{"line":201,"column":27},"end":{"line":201,"column":45}}]},"23":{"loc":{"start":{"line":204,"column":4},"end":{"line":208,"column":5}},"type":"if","locations":[{"start":{"line":204,"column":4},"end":{"line":208,"column":5}},{"start":{"line":206,"column":11},"end":{"line":208,"column":5}}]},"24":{"loc":{"start":{"line":212,"column":2},"end":{"line":217,"column":3}},"type":"if","locations":[{"start":{"line":212,"column":2},"end":{"line":217,"column":3}},{"start":{"line":214,"column":9},"end":{"line":217,"column":3}}]},"25":{"loc":{"start":{"line":220,"column":2},"end":{"line":222,"column":3}},"type":"if","locations":[{"start":{"line":220,"column":2},"end":{"line":222,"column":3}},{"start":{},"end":{}}]},"26":{"loc":{"start":{"line":230,"column":2},"end":{"line":232,"column":3}},"type":"if","locations":[{"start":{"line":230,"column":2},"end":{"line":232,"column":3}},{"start":{},"end":{}}]},"27":{"loc":{"start":{"line":236,"column":4},"end":{"line":236,"column":62}},"type":"binary-expr","locations":[{"start":{"line":236,"column":4},"end":{"line":236,"column":31}},{"start":{"line":236,"column":35},"end":{"line":236,"column":62}}]},"28":{"loc":{"start":{"line":238,"column":4},"end":{"line":238,"column":62}},"type":"binary-expr","locations":[{"start":{"line":238,"column":4},"end":{"line":238,"column":31}},{"start":{"line":238,"column":35},"end":{"line":238,"column":62}}]},"29":{"loc":{"start":{"line":239,"column":2},"end":{"line":241,"column":3}},"type":"if","locations":[{"start":{"line":239,"column":2},"end":{"line":241,"column":3}},{"start":{},"end":{}}]},"30":{"loc":{"start":{"line":239,"column":6},"end":{"line":239,"column":32}},"type":"binary-expr","locations":[{"start":{"line":239,"column":6},"end":{"line":239,"column":16}},{"start":{"line":239,"column":20},"end":{"line":239,"column":32}}]},"31":{"loc":{"start":{"line":251,"column":2},"end":{"line":259,"column":3}},"type":"if","locations":[{"start":{"line":251,"column":2},"end":{"line":259,"column":3}},{"start":{"line":253,"column":9},"end":{"line":259,"column":3}}]},"32":{"loc":{"start":{"line":253,"column":9},"end":{"line":259,"column":3}},"type":"if","locations":[{"start":{"line":253,"column":9},"end":{"line":259,"column":3}},{"start":{"line":255,"column":9},"end":{"line":259,"column":3}}]},"33":{"loc":{"start":{"line":255,"column":9},"end":{"line":259,"column":3}},"type":"if","locations":[{"start":{"line":255,"column":9},"end":{"line":259,"column":3}},{"start":{"line":257,"column":9},"end":{"line":259,"column":3}}]},"34":{"loc":{"start":{"line":263,"column":2},"end":{"line":269,"column":3}},"type":"if","locations":[{"start":{"line":263,"column":2},"end":{"line":269,"column":3}},{"start":{"line":265,"column":9},"end":{"line":269,"column":3}}]},"35":{"loc":{"start":{"line":265,"column":9},"end":{"line":269,"column":3}},"type":"if","locations":[{"start":{"line":265,"column":9},"end":{"line":269,"column":3}},{"start":{"line":267,"column":9},"end":{"line":269,"column":3}}]},"36":{"loc":{"start":{"line":267,"column":9},"end":{"line":269,"column":3}},"type":"if","locations":[{"start":{"line":267,"column":9},"end":{"line":269,"column":3}},{"start":{},"end":{}}]},"37":{"loc":{"start":{"line":273,"column":20},"end":{"line":273,"column":39}},"type":"cond-expr","locations":[{"start":{"line":273,"column":33},"end":{"line":273,"column":34}},{"start":{"line":273,"column":37},"end":{"line":273,"column":39}}]},"38":{"loc":{"start":{"line":276,"column":2},"end":{"line":286,"column":3}},"type":"if","locations":[{"start":{"line":276,"column":2},"end":{"line":286,"column":3}},{"start":{},"end":{}}]},"39":{"loc":{"start":{"line":279,"column":4},"end":{"line":285,"column":5}},"type":"if","locations":[{"start":{"line":279,"column":4},"end":{"line":285,"column":5}},{"start":{"line":281,"column":11},"end":{"line":285,"column":5}}]},"40":{"loc":{"start":{"line":281,"column":11},"end":{"line":285,"column":5}},"type":"if","locations":[{"start":{"line":281,"column":11},"end":{"line":285,"column":5}},{"start":{"line":283,"column":11},"end":{"line":285,"column":5}}]},"41":{"loc":{"start":{"line":283,"column":11},"end":{"line":285,"column":5}},"type":"if","locations":[{"start":{"line":283,"column":11},"end":{"line":285,"column":5}},{"start":{},"end":{}}]},"42":{"loc":{"start":{"line":305,"column":2},"end":{"line":305,"column":19}},"type":"default-arg","locations":[{"start":{"line":305,"column":18},"end":{"line":305,"column":19}}]},"43":{"loc":{"start":{"line":326,"column":9},"end":{"line":326,"column":45}},"type":"cond-expr","locations":[{"start":{"line":326,"column":29},"end":{"line":326,"column":38}},{"start":{"line":326,"column":41},"end":{"line":326,"column":45}}]}},"s":{"0":3,"1":3,"2":3,"3":3,"4":3,"5":45360,"6":45360,"7":362880,"8":362880,"9":362880,"10":362880,"11":2177280,"12":2177280,"13":2177280,"14":67417,"15":67417,"16":67417,"17":2109863,"18":625830,"19":625830,"20":1484033,"21":1484033,"22":799080,"23":362880,"24":362880,"25":45360,"26":45360,"27":272160,"28":45360,"29":45360,"30":45360,"31":230152,"32":181861,"33":26707,"34":155154,"35":18653,"36":45360,"37":45360,"38":45360,"39":272160,"40":170848,"41":45360,"42":643,"43":44717,"44":44717,"45":44717,"46":170226,"47":170226,"48":261875,"49":261875,"50":261875,"51":80895,"52":80895,"53":44717,"54":45360,"55":45360,"56":12736,"57":32624,"58":13327,"59":19297,"60":14797,"61":45360,"62":45360,"63":45360,"64":13931,"65":31429,"66":13809,"67":17620,"68":7037,"69":45360,"70":45360,"71":45360,"72":45360,"73":45360,"74":45360,"75":45360,"76":39126,"77":6234,"78":45360,"79":35274,"80":10086,"81":45360,"82":31027,"83":45360,"84":45360,"85":45360,"86":18653,"87":45360,"88":45360,"89":45360,"90":12515,"91":45360,"92":148499,"93":45360,"94":190279,"95":45360,"96":45360,"97":17244,"98":28116,"99":5720,"100":22396,"101":18881,"102":3515,"103":45360,"104":27976,"105":17384,"106":15778,"107":1606,"108":1606,"109":45360,"110":272160,"111":272160,"112":45360,"113":45360,"114":45360,"115":41498,"116":3862,"117":3492,"118":370,"119":370,"120":45360,"121":45360,"122":68,"123":45334,"124":68,"125":377543,"126":68,"127":3,"128":3},"f":{"0":45360,"1":45360,"2":272160,"3":45360,"4":45360,"5":45360,"6":148499,"7":190279,"8":272160,"9":272160,"10":68,"11":45334,"12":377543,"13":3},"b":{"0":[67417,2109863],"1":[2177280,443144],"2":[625830,1484033],"3":[2109863,1734136],"4":[799080,684953],"5":[1484033,314205,1343346,1169828],"6":[362880,0],"7":[181861,48291],"8":[26707,155154],"9":[181861,136501],"10":[170848,101312],"11":[272160,216767],"12":[643,44717],"13":[80895,180980],"14":[261875,261875],"15":[12736,32624],"16":[13327,19297],"17":[14797,4500],"18":[13931,31429],"19":[13809,17620],"20":[7037,10583],"21":[45360,0],"22":[45360,45360],"23":[39126,6234],"24":[35274,10086],"25":[31027,14333],"26":[18653,26707],"27":[45360,35511],"28":[45360,35829],"29":[12515,32845],"30":[45360,17777],"31":[17244,28116],"32":[5720,22396],"33":[18881,3515],"34":[27976,17384],"35":[15778,1606],"36":[1606,0],"37":[216767,55393],"38":[45360,0],"39":[41498,3862],"40":[3492,370],"41":[370,0],"42":[3],"43":[2,1]}}
,"/Users/adriaanhitge/Dropbox/ai-apps/song-streak/data/chords/utils/lookup.ts": {"path":"/Users/adriaanhitge/Dropbox/ai-apps/song-streak/data/chords/utils/lookup.ts","statementMap":{"0":{"start":{"line":11,"column":0},"end":{"line":11,"column":42}},"1":{"start":{"line":12,"column":0},"end":{"line":12,"column":66}},"2":{"start":{"line":13,"column":0},"end":{"line":13,"column":63}},"3":{"start":{"line":19,"column":28},"end":{"line":48,"column":1}},"4":{"start":{"line":20,"column":2},"end":{"line":20,"column":38}},"5":{"start":{"line":20,"column":22},"end":{"line":20,"column":38}},"6":{"start":{"line":21,"column":2},"end":{"line":21,"column":38}},"7":{"start":{"line":21,"column":22},"end":{"line":21,"column":38}},"8":{"start":{"line":23,"column":29},"end":{"line":23,"column":31}},"9":{"start":{"line":25,"column":2},"end":{"line":27,"column":3}},"10":{"start":{"line":25,"column":15},"end":{"line":25,"column":16}},"11":{"start":{"line":26,"column":4},"end":{"line":26,"column":20}},"12":{"start":{"line":29,"column":2},"end":{"line":31,"column":3}},"13":{"start":{"line":29,"column":15},"end":{"line":29,"column":16}},"14":{"start":{"line":30,"column":4},"end":{"line":30,"column":21}},"15":{"start":{"line":33,"column":2},"end":{"line":45,"column":3}},"16":{"start":{"line":33,"column":15},"end":{"line":33,"column":16}},"17":{"start":{"line":34,"column":4},"end":{"line":44,"column":5}},"18":{"start":{"line":34,"column":17},"end":{"line":34,"column":18}},"19":{"start":{"line":35,"column":6},"end":{"line":43,"column":7}},"20":{"start":{"line":36,"column":8},"end":{"line":36,"column":44}},"21":{"start":{"line":38,"column":8},"end":{"line":42,"column":10}},"22":{"start":{"line":47,"column":2},"end":{"line":47,"column":36}},"23":{"start":{"line":53,"column":26},"end":{"line":80,"column":1}},"24":{"start":{"line":59,"column":2},"end":{"line":61,"column":3}},"25":{"start":{"line":60,"column":4},"end":{"line":60,"column":14}},"26":{"start":{"line":63,"column":21},"end":{"line":63,"column":60}},"27":{"start":{"line":64,"column":20},"end":{"line":64,"column":46}},"28":{"start":{"line":66,"column":18},"end":{"line":77,"column":24}},"29":{"start":{"line":67,"column":21},"end":{"line":73,"column":6}},"30":{"start":{"line":74,"column":19},"end":{"line":74,"column":62}},"31":{"start":{"line":75,"column":20},"end":{"line":75,"column":43}},"32":{"start":{"line":77,"column":16},"end":{"line":77,"column":23}},"33":{"start":{"line":79,"column":2},"end":{"line":79,"column":17}},"34":{"start":{"line":89,"column":27},"end":{"line":147,"column":1}},"35":{"start":{"line":90,"column":22},"end":{"line":90,"column":47}},"36":{"start":{"line":91,"column":21},"end":{"line":91,"column":50}},"37":{"start":{"line":94,"column":2},"end":{"line":101,"column":3}},"38":{"start":{"line":95,"column":4},"end":{"line":100,"column":6}},"39":{"start":{"line":104,"column":2},"end":{"line":111,"column":3}},"40":{"start":{"line":105,"column":4},"end":{"line":110,"column":6}},"41":{"start":{"line":116,"column":2},"end":{"line":129,"column":3}},"42":{"start":{"line":117,"column":19},"end":{"line":117,"column":43}},"43":{"start":{"line":118,"column":4},"end":{"line":128,"column":5}},"44":{"start":{"line":119,"column":6},"end":{"line":127,"column":8}},"45":{"start":{"line":133,"column":22},"end":{"line":133,"column":50}},"46":{"start":{"line":134,"column":2},"end":{"line":140,"column":3}},"47":{"start":{"line":135,"column":4},"end":{"line":139,"column":6}},"48":{"start":{"line":143,"column":2},"end":{"line":146,"column":4}},"49":{"start":{"line":89,"column":13},"end":{"line":89,"column":27}},"50":{"start":{"line":152,"column":28},"end":{"line":154,"column":1}},"51":{"start":{"line":153,"column":2},"end":{"line":153,"column":37}},"52":{"start":{"line":152,"column":13},"end":{"line":152,"column":28}},"53":{"start":{"line":160,"column":33},"end":{"line":170,"column":1}},"54":{"start":{"line":163,"column":2},"end":{"line":168,"column":3}},"55":{"start":{"line":164,"column":4},"end":{"line":166,"column":5}},"56":{"start":{"line":165,"column":6},"end":{"line":165,"column":82}},"57":{"start":{"line":167,"column":4},"end":{"line":167,"column":16}},"58":{"start":{"line":169,"column":2},"end":{"line":169,"column":27}},"59":{"start":{"line":160,"column":13},"end":{"line":160,"column":33}},"60":{"start":{"line":176,"column":30},"end":{"line":185,"column":1}},"61":{"start":{"line":177,"column":2},"end":{"line":184,"column":5}},"62":{"start":{"line":178,"column":19},"end":{"line":178,"column":36}},"63":{"start":{"line":179,"column":4},"end":{"line":183,"column":6}},"64":{"start":{"line":176,"column":13},"end":{"line":176,"column":30}}},"fnMap":{"0":{"name":"(anonymous_0)","decl":{"start":{"line":19,"column":28},"end":{"line":19,"column":29}},"loc":{"start":{"line":19,"column":61},"end":{"line":48,"column":1}}},"1":{"name":"(anonymous_1)","decl":{"start":{"line":53,"column":26},"end":{"line":53,"column":null}},"loc":{"start":{"line":56,"column":14},"end":{"line":80,"column":1}}},"2":{"name":"(anonymous_2)","decl":{"start":{"line":67,"column":9},"end":{"line":67,"column":10}},"loc":{"start":{"line":67,"column":21},"end":{"line":73,"column":6}}},"3":{"name":"(anonymous_3)","decl":{"start":{"line":74,"column":12},"end":{"line":74,"column":13}},"loc":{"start":{"line":74,"column":19},"end":{"line":74,"column":62}}},"4":{"name":"(anonymous_4)","decl":{"start":{"line":75,"column":10},"end":{"line":75,"column":11}},"loc":{"start":{"line":75,"column":20},"end":{"line":75,"column":43}}},"5":{"name":"(anonymous_5)","decl":{"start":{"line":77,"column":9},"end":{"line":77,"column":10}},"loc":{"start":{"line":77,"column":16},"end":{"line":77,"column":23}}},"6":{"name":"(anonymous_6)","decl":{"start":{"line":89,"column":27},"end":{"line":89,"column":28}},"loc":{"start":{"line":89,"column":68},"end":{"line":147,"column":1}}},"7":{"name":"(anonymous_7)","decl":{"start":{"line":152,"column":28},"end":{"line":152,"column":29}},"loc":{"start":{"line":152,"column":74},"end":{"line":154,"column":1}}},"8":{"name":"(anonymous_8)","decl":{"start":{"line":160,"column":33},"end":{"line":160,"column":null}},"loc":{"start":{"line":162,"column":27},"end":{"line":170,"column":1}}},"9":{"name":"(anonymous_9)","decl":{"start":{"line":176,"column":30},"end":{"line":176,"column":31}},"loc":{"start":{"line":176,"column":64},"end":{"line":185,"column":1}}},"10":{"name":"(anonymous_10)","decl":{"start":{"line":177,"column":25},"end":{"line":177,"column":26}},"loc":{"start":{"line":177,"column":34},"end":{"line":184,"column":3}}}},"branchMap":{"0":{"loc":{"start":{"line":20,"column":2},"end":{"line":20,"column":38}},"type":"if","locations":[{"start":{"line":20,"column":2},"end":{"line":20,"column":38}},{"start":{},"end":{}}]},"1":{"loc":{"start":{"line":21,"column":2},"end":{"line":21,"column":38}},"type":"if","locations":[{"start":{"line":21,"column":2},"end":{"line":21,"column":38}},{"start":{},"end":{}}]},"2":{"loc":{"start":{"line":35,"column":6},"end":{"line":43,"column":7}},"type":"if","locations":[{"start":{"line":35,"column":6},"end":{"line":43,"column":7}},{"start":{"line":37,"column":13},"end":{"line":43,"column":7}}]},"3":{"loc":{"start":{"line":55,"column":2},"end":{"line":55,"column":25}},"type":"default-arg","locations":[{"start":{"line":55,"column":24},"end":{"line":55,"column":25}}]},"4":{"loc":{"start":{"line":59,"column":2},"end":{"line":61,"column":3}},"type":"if","locations":[{"start":{"line":59,"column":2},"end":{"line":61,"column":3}},{"start":{},"end":{}}]},"5":{"loc":{"start":{"line":74,"column":19},"end":{"line":74,"column":62}},"type":"binary-expr","locations":[{"start":{"line":74,"column":19},"end":{"line":74,"column":44}},{"start":{"line":74,"column":48},"end":{"line":74,"column":62}}]},"6":{"loc":{"start":{"line":94,"column":2},"end":{"line":101,"column":3}},"type":"if","locations":[{"start":{"line":94,"column":2},"end":{"line":101,"column":3}},{"start":{},"end":{}}]},"7":{"loc":{"start":{"line":104,"column":2},"end":{"line":111,"column":3}},"type":"if","locations":[{"start":{"line":104,"column":2},"end":{"line":111,"column":3}},{"start":{},"end":{}}]},"8":{"loc":{"start":{"line":116,"column":2},"end":{"line":129,"column":3}},"type":"if","locations":[{"start":{"line":116,"column":2},"end":{"line":129,"column":3}},{"start":{},"end":{}}]},"9":{"loc":{"start":{"line":118,"column":4},"end":{"line":128,"column":5}},"type":"if","locations":[{"start":{"line":118,"column":4},"end":{"line":128,"column":5}},{"start":{},"end":{}}]},"10":{"loc":{"start":{"line":118,"column":8},"end":{"line":118,"column":56}},"type":"binary-expr","locations":[{"start":{"line":118,"column":8},"end":{"line":118,"column":20}},{"start":{"line":118,"column":24},"end":{"line":118,"column":56}}]},"11":{"loc":{"start":{"line":120,"column":16},"end":{"line":120,"column":58}},"type":"cond-expr","locations":[{"start":{"line":120,"column":35},"end":{"line":120,"column":44}},{"start":{"line":120,"column":47},"end":{"line":120,"column":58}}]},"12":{"loc":{"start":{"line":124,"column":17},"end":{"line":126,"column":21}},"type":"cond-expr","locations":[{"start":{"line":125,"column":12},"end":{"line":125,"column":83}},{"start":{"line":126,"column":12},"end":{"line":126,"column":21}}]},"13":{"loc":{"start":{"line":134,"column":2},"end":{"line":140,"column":3}},"type":"if","locations":[{"start":{"line":134,"column":2},"end":{"line":140,"column":3}},{"start":{},"end":{}}]},"14":{"loc":{"start":{"line":163,"column":2},"end":{"line":168,"column":3}},"type":"if","locations":[{"start":{"line":163,"column":2},"end":{"line":168,"column":3}},{"start":{},"end":{}}]},"15":{"loc":{"start":{"line":163,"column":6},"end":{"line":163,"column":52}},"type":"binary-expr","locations":[{"start":{"line":163,"column":6},"end":{"line":163,"column":21}},{"start":{"line":163,"column":25},"end":{"line":163,"column":52}}]},"16":{"loc":{"start":{"line":164,"column":4},"end":{"line":166,"column":5}},"type":"if","locations":[{"start":{"line":164,"column":4},"end":{"line":166,"column":5}},{"start":{},"end":{}}]},"17":{"loc":{"start":{"line":165,"column":30},"end":{"line":165,"column":62}},"type":"binary-expr","locations":[{"start":{"line":165,"column":30},"end":{"line":165,"column":43}},{"start":{"line":165,"column":47},"end":{"line":165,"column":62}}]},"18":{"loc":{"start":{"line":180,"column":6},"end":{"line":182,"column":33}},"type":"binary-expr","locations":[{"start":{"line":180,"column":6},"end":{"line":180,"column":31}},{"start":{"line":181,"column":6},"end":{"line":181,"column":35}},{"start":{"line":182,"column":6},"end":{"line":182,"column":33}}]}},"s":{"0":1,"1":1,"2":1,"3":1,"4":21,"5":0,"6":21,"7":0,"8":21,"9":21,"10":21,"11":68,"12":21,"13":21,"14":63,"15":21,"16":21,"17":47,"18":47,"19":94,"20":9,"21":85,"22":21,"23":1,"24":8,"25":7,"26":1,"27":1,"28":1,"29":21,"30":21,"31":44,"32":3,"33":1,"34":1,"35":65,"36":65,"37":65,"38":46,"39":19,"40":0,"41":19,"42":11,"43":11,"44":11,"45":8,"46":8,"47":1,"48":7,"49":1,"50":1,"51":4,"52":1,"53":1,"54":5,"55":2,"56":2,"57":2,"58":3,"59":1,"60":1,"61":6,"62":7,"63":7,"64":1},"f":{"0":21,"1":8,"2":21,"3":21,"4":44,"5":3,"6":65,"7":4,"8":5,"9":6,"10":7},"b":{"0":[0,21],"1":[0,21],"2":[9,85],"3":[8],"4":[7,1],"5":[21,18],"6":[46,19],"7":[0,19],"8":[11,8],"9":[11,0],"10":[11,11],"11":[0,11],"12":[0,11],"13":[1,7],"14":[2,3],"15":[5,4],"16":[2,0],"17":[2,0],"18":[7,5,3]}}
,"/Users/adriaanhitge/Dropbox/ai-apps/song-streak/data/chords/utils/normalizer.ts": {"path":"/Users/adriaanhitge/Dropbox/ai-apps/song-streak/data/chords/utils/normalizer.ts","statementMap":{"0":{"start":{"line":17,"column":54},"end":{"line":32,"column":2}},"1":{"start":{"line":35,"column":20},"end":{"line":53,"column":2}},"2":{"start":{"line":56,"column":28},"end":{"line":62,"column":1}},"3":{"start":{"line":58,"column":2},"end":{"line":61,"column":25}},"4":{"start":{"line":68,"column":30},"end":{"line":184,"column":1}},"5":{"start":{"line":69,"column":2},"end":{"line":69,"column":55}},"6":{"start":{"line":69,"column":43},"end":{"line":69,"column":55}},"7":{"start":{"line":71,"column":18},"end":{"line":71,"column":30}},"8":{"start":{"line":72,"column":2},"end":{"line":72,"column":40}},"9":{"start":{"line":72,"column":28},"end":{"line":72,"column":40}},"10":{"start":{"line":75,"column":21},"end":{"line":75,"column":49}},"11":{"start":{"line":78,"column":20},"end":{"line":78,"column":56}},"12":{"start":{"line":79,"column":2},"end":{"line":79,"column":30}},"13":{"start":{"line":79,"column":18},"end":{"line":79,"column":30}},"14":{"start":{"line":81,"column":13},"end":{"line":81,"column":49}},"15":{"start":{"line":82,"column":2},"end":{"line":84,"column":3}},"16":{"start":{"line":83,"column":4},"end":{"line":83,"column":35}},"17":{"start":{"line":87,"column":2},"end":{"line":87,"column":47}},"18":{"start":{"line":87,"column":35},"end":{"line":87,"column":47}},"19":{"start":{"line":90,"column":20},"end":{"line":90,"column":49}},"20":{"start":{"line":93,"column":30},"end":{"line":93,"column":37}},"21":{"start":{"line":94,"column":31},"end":{"line":94,"column":33}},"22":{"start":{"line":95,"column":20},"end":{"line":95,"column":22}},"23":{"start":{"line":98,"column":2},"end":{"line":149,"column":3}},"24":{"start":{"line":100,"column":4},"end":{"line":148,"column":5}},"25":{"start":{"line":101,"column":6},"end":{"line":101,"column":24}},"26":{"start":{"line":102,"column":6},"end":{"line":102,"column":70}},"27":{"start":{"line":105,"column":9},"end":{"line":148,"column":5}},"28":{"start":{"line":106,"column":6},"end":{"line":106,"column":24}},"29":{"start":{"line":108,"column":26},"end":{"line":108,"column":68}},"30":{"start":{"line":109,"column":6},"end":{"line":117,"column":7}},"31":{"start":{"line":110,"column":8},"end":{"line":110,"column":37}},"32":{"start":{"line":112,"column":8},"end":{"line":114,"column":9}},"33":{"start":{"line":113,"column":10},"end":{"line":113,"column":50}},"34":{"start":{"line":116,"column":8},"end":{"line":116,"column":65}},"35":{"start":{"line":120,"column":9},"end":{"line":148,"column":5}},"36":{"start":{"line":121,"column":6},"end":{"line":121,"column":29}},"37":{"start":{"line":122,"column":6},"end":{"line":122,"column":61}},"38":{"start":{"line":125,"column":9},"end":{"line":148,"column":5}},"39":{"start":{"line":126,"column":6},"end":{"line":126,"column":28}},"40":{"start":{"line":127,"column":6},"end":{"line":127,"column":60}},"41":{"start":{"line":130,"column":9},"end":{"line":148,"column":5}},"42":{"start":{"line":131,"column":6},"end":{"line":131,"column":28}},"43":{"start":{"line":132,"column":23},"end":{"line":132,"column":53}},"44":{"start":{"line":133,"column":6},"end":{"line":133,"column":51}},"45":{"start":{"line":135,"column":6},"end":{"line":137,"column":7}},"46":{"start":{"line":136,"column":8},"end":{"line":136,"column":45}},"47":{"start":{"line":140,"column":9},"end":{"line":148,"column":5}},"48":{"start":{"line":141,"column":6},"end":{"line":141,"column":22}},"49":{"start":{"line":142,"column":23},"end":{"line":142,"column":53}},"50":{"start":{"line":143,"column":6},"end":{"line":143,"column":51}},"51":{"start":{"line":145,"column":6},"end":{"line":147,"column":7}},"52":{"start":{"line":146,"column":8},"end":{"line":146,"column":45}},"53":{"start":{"line":152,"column":24},"end":{"line":152,"column":59}},"54":{"start":{"line":153,"column":2},"end":{"line":159,"column":3}},"55":{"start":{"line":155,"column":23},"end":{"line":155,"column":82}},"56":{"start":{"line":156,"column":4},"end":{"line":158,"column":5}},"57":{"start":{"line":157,"column":6},"end":{"line":157,"column":65}},"58":{"start":{"line":157,"column":47},"end":{"line":157,"column":62}},"59":{"start":{"line":162,"column":18},"end":{"line":162,"column":22}},"60":{"start":{"line":163,"column":2},"end":{"line":163,"column":44}},"61":{"start":{"line":163,"column":27},"end":{"line":163,"column":44}},"62":{"start":{"line":164,"column":2},"end":{"line":166,"column":3}},"63":{"start":{"line":165,"column":4},"end":{"line":165,"column":37}},"64":{"start":{"line":169,"column":16},"end":{"line":169,"column":20}},"65":{"start":{"line":170,"column":2},"end":{"line":172,"column":53}},"66":{"start":{"line":170,"column":27},"end":{"line":170,"column":42}},"67":{"start":{"line":171,"column":7},"end":{"line":172,"column":53}},"68":{"start":{"line":171,"column":37},"end":{"line":171,"column":54}},"69":{"start":{"line":172,"column":7},"end":{"line":172,"column":53}},"70":{"start":{"line":172,"column":36},"end":{"line":172,"column":53}},"71":{"start":{"line":173,"column":2},"end":{"line":175,"column":3}},"72":{"start":{"line":174,"column":4},"end":{"line":174,"column":35}},"73":{"start":{"line":177,"column":2},"end":{"line":183,"column":4}},"74":{"start":{"line":68,"column":13},"end":{"line":68,"column":30}},"75":{"start":{"line":189,"column":34},"end":{"line":192,"column":1}},"76":{"start":{"line":190,"column":17},"end":{"line":190,"column":38}},"77":{"start":{"line":191,"column":2},"end":{"line":191,"column":36}},"78":{"start":{"line":189,"column":13},"end":{"line":189,"column":34}},"79":{"start":{"line":197,"column":30},"end":{"line":200,"column":1}},"80":{"start":{"line":198,"column":17},"end":{"line":198,"column":38}},"81":{"start":{"line":199,"column":2},"end":{"line":199,"column":34}},"82":{"start":{"line":197,"column":13},"end":{"line":197,"column":30}},"83":{"start":{"line":205,"column":27},"end":{"line":207,"column":1}},"84":{"start":{"line":206,"column":2},"end":{"line":206,"column":67}},"85":{"start":{"line":205,"column":13},"end":{"line":205,"column":27}}},"fnMap":{"0":{"name":"(anonymous_0)","decl":{"start":{"line":56,"column":28},"end":{"line":56,"column":29}},"loc":{"start":{"line":56,"column":53},"end":{"line":62,"column":1}}},"1":{"name":"(anonymous_1)","decl":{"start":{"line":68,"column":30},"end":{"line":68,"column":31}},"loc":{"start":{"line":68,"column":68},"end":{"line":184,"column":1}}},"2":{"name":"(anonymous_2)","decl":{"start":{"line":157,"column":40},"end":{"line":157,"column":41}},"loc":{"start":{"line":157,"column":47},"end":{"line":157,"column":62}}},"3":{"name":"(anonymous_3)","decl":{"start":{"line":189,"column":34},"end":{"line":189,"column":35}},"loc":{"start":{"line":189,"column":60},"end":{"line":192,"column":1}}},"4":{"name":"(anonymous_4)","decl":{"start":{"line":197,"column":30},"end":{"line":197,"column":31}},"loc":{"start":{"line":197,"column":56},"end":{"line":200,"column":1}}},"5":{"name":"(anonymous_5)","decl":{"start":{"line":205,"column":27},"end":{"line":205,"column":28}},"loc":{"start":{"line":205,"column":71},"end":{"line":207,"column":1}}}},"branchMap":{"0":{"loc":{"start":{"line":69,"column":2},"end":{"line":69,"column":55}},"type":"if","locations":[{"start":{"line":69,"column":2},"end":{"line":69,"column":55}},{"start":{},"end":{}}]},"1":{"loc":{"start":{"line":69,"column":6},"end":{"line":69,"column":41}},"type":"binary-expr","locations":[{"start":{"line":69,"column":6},"end":{"line":69,"column":12}},{"start":{"line":69,"column":16},"end":{"line":69,"column":41}}]},"2":{"loc":{"start":{"line":72,"column":2},"end":{"line":72,"column":40}},"type":"if","locations":[{"start":{"line":72,"column":2},"end":{"line":72,"column":40}},{"start":{},"end":{}}]},"3":{"loc":{"start":{"line":79,"column":2},"end":{"line":79,"column":30}},"type":"if","locations":[{"start":{"line":79,"column":2},"end":{"line":79,"column":30}},{"start":{},"end":{}}]},"4":{"loc":{"start":{"line":82,"column":2},"end":{"line":84,"column":3}},"type":"if","locations":[{"start":{"line":82,"column":2},"end":{"line":84,"column":3}},{"start":{},"end":{}}]},"5":{"loc":{"start":{"line":87,"column":2},"end":{"line":87,"column":47}},"type":"if","locations":[{"start":{"line":87,"column":2},"end":{"line":87,"column":47}},{"start":{},"end":{}}]},"6":{"loc":{"start":{"line":98,"column":2},"end":{"line":149,"column":3}},"type":"if","locations":[{"start":{"line":98,"column":2},"end":{"line":149,"column":3}},{"start":{},"end":{}}]},"7":{"loc":{"start":{"line":100,"column":4},"end":{"line":148,"column":5}},"type":"if","locations":[{"start":{"line":100,"column":4},"end":{"line":148,"column":5}},{"start":{"line":105,"column":9},"end":{"line":148,"column":5}}]},"8":{"loc":{"start":{"line":102,"column":20},"end":{"line":102,"column":69}},"type":"binary-expr","locations":[{"start":{"line":102,"column":20},"end":{"line":102,"column":63}},{"start":{"line":102,"column":67},"end":{"line":102,"column":69}}]},"9":{"loc":{"start":{"line":105,"column":9},"end":{"line":148,"column":5}},"type":"if","locations":[{"start":{"line":105,"column":9},"end":{"line":148,"column":5}},{"start":{"line":120,"column":9},"end":{"line":148,"column":5}}]},"10":{"loc":{"start":{"line":109,"column":6},"end":{"line":117,"column":7}},"type":"if","locations":[{"start":{"line":109,"column":6},"end":{"line":117,"column":7}},{"start":{"line":115,"column":13},"end":{"line":117,"column":7}}]},"11":{"loc":{"start":{"line":112,"column":8},"end":{"line":114,"column":9}},"type":"if","locations":[{"start":{"line":112,"column":8},"end":{"line":114,"column":9}},{"start":{},"end":{}}]},"12":{"loc":{"start":{"line":116,"column":22},"end":{"line":116,"column":64}},"type":"binary-expr","locations":[{"start":{"line":116,"column":22},"end":{"line":116,"column":58}},{"start":{"line":116,"column":62},"end":{"line":116,"column":64}}]},"13":{"loc":{"start":{"line":120,"column":9},"end":{"line":148,"column":5}},"type":"if","locations":[{"start":{"line":120,"column":9},"end":{"line":148,"column":5}},{"start":{"line":125,"column":9},"end":{"line":148,"column":5}}]},"14":{"loc":{"start":{"line":122,"column":20},"end":{"line":122,"column":60}},"type":"binary-expr","locations":[{"start":{"line":122,"column":20},"end":{"line":122,"column":54}},{"start":{"line":122,"column":58},"end":{"line":122,"column":60}}]},"15":{"loc":{"start":{"line":125,"column":9},"end":{"line":148,"column":5}},"type":"if","locations":[{"start":{"line":125,"column":9},"end":{"line":148,"column":5}},{"start":{"line":130,"column":9},"end":{"line":148,"column":5}}]},"16":{"loc":{"start":{"line":127,"column":20},"end":{"line":127,"column":59}},"type":"binary-expr","locations":[{"start":{"line":127,"column":20},"end":{"line":127,"column":53}},{"start":{"line":127,"column":57},"end":{"line":127,"column":59}}]},"17":{"loc":{"start":{"line":130,"column":9},"end":{"line":148,"column":5}},"type":"if","locations":[{"start":{"line":130,"column":9},"end":{"line":148,"column":5}},{"start":{"line":140,"column":9},"end":{"line":148,"column":5}}]},"18":{"loc":{"start":{"line":133,"column":20},"end":{"line":133,"column":50}},"type":"cond-expr","locations":[{"start":{"line":133,"column":31},"end":{"line":133,"column":42}},{"start":{"line":133,"column":45},"end":{"line":133,"column":50}}]},"19":{"loc":{"start":{"line":135,"column":6},"end":{"line":137,"column":7}},"type":"if","locations":[{"start":{"line":135,"column":6},"end":{"line":137,"column":7}},{"start":{},"end":{}}]},"20":{"loc":{"start":{"line":140,"column":9},"end":{"line":148,"column":5}},"type":"if","locations":[{"start":{"line":140,"column":9},"end":{"line":148,"column":5}},{"start":{},"end":{}}]},"21":{"loc":{"start":{"line":143,"column":20},"end":{"line":143,"column":50}},"type":"cond-expr","locations":[{"start":{"line":143,"column":31},"end":{"line":143,"column":42}},{"start":{"line":143,"column":45},"end":{"line":143,"column":50}}]},"22":{"loc":{"start":{"line":145,"column":6},"end":{"line":147,"column":7}},"type":"if","locations":[{"start":{"line":145,"column":6},"end":{"line":147,"column":7}},{"start":{},"end":{}}]},"23":{"loc":{"start":{"line":153,"column":2},"end":{"line":159,"column":3}},"type":"if","locations":[{"start":{"line":153,"column":2},"end":{"line":159,"column":3}},{"start":{},"end":{}}]},"24":{"loc":{"start":{"line":156,"column":4},"end":{"line":158,"column":5}},"type":"if","locations":[{"start":{"line":156,"column":4},"end":{"line":158,"column":5}},{"start":{},"end":{}}]},"25":{"loc":{"start":{"line":163,"column":2},"end":{"line":163,"column":44}},"type":"if","locations":[{"start":{"line":163,"column":2},"end":{"line":163,"column":44}},{"start":{},"end":{}}]},"26":{"loc":{"start":{"line":164,"column":2},"end":{"line":166,"column":3}},"type":"if","locations":[{"start":{"line":164,"column":2},"end":{"line":166,"column":3}},{"start":{},"end":{}}]},"27":{"loc":{"start":{"line":170,"column":2},"end":{"line":172,"column":53}},"type":"if","locations":[{"start":{"line":170,"column":2},"end":{"line":172,"column":53}},{"start":{"line":171,"column":7},"end":{"line":172,"column":53}}]},"28":{"loc":{"start":{"line":171,"column":7},"end":{"line":172,"column":53}},"type":"if","locations":[{"start":{"line":171,"column":7},"end":{"line":172,"column":53}},{"start":{"line":172,"column":7},"end":{"line":172,"column":53}}]},"29":{"loc":{"start":{"line":172,"column":7},"end":{"line":172,"column":53}},"type":"if","locations":[{"start":{"line":172,"column":7},"end":{"line":172,"column":53}},{"start":{},"end":{}}]},"30":{"loc":{"start":{"line":173,"column":2},"end":{"line":175,"column":3}},"type":"if","locations":[{"start":{"line":173,"column":2},"end":{"line":175,"column":3}},{"start":{},"end":{}}]},"31":{"loc":{"start":{"line":191,"column":9},"end":{"line":191,"column":35}},"type":"binary-expr","locations":[{"start":{"line":191,"column":9},"end":{"line":191,"column":26}},{"start":{"line":191,"column":30},"end":{"line":191,"column":35}}]},"32":{"loc":{"start":{"line":199,"column":9},"end":{"line":199,"column":33}},"type":"binary-expr","locations":[{"start":{"line":199,"column":9},"end":{"line":199,"column":24}},{"start":{"line":199,"column":28},"end":{"line":199,"column":33}}]}},"s":{"0":2,"1":2,"2":2,"3":257,"4":2,"5":263,"6":3,"7":260,"8":260,"9":3,"10":257,"11":257,"12":257,"13":12,"14":245,"15":245,"16":31,"17":245,"18":0,"19":245,"20":245,"21":245,"22":245,"23":245,"24":180,"25":111,"26":111,"27":69,"28":13,"29":13,"30":13,"31":10,"32":10,"33":7,"34":3,"35":56,"36":4,"37":4,"38":52,"39":3,"40":3,"41":49,"42":13,"43":13,"44":13,"45":13,"46":13,"47":36,"48":4,"49":4,"50":4,"51":4,"52":4,"53":245,"54":245,"55":73,"56":73,"57":59,"58":59,"59":245,"60":245,"61":111,"62":245,"63":83,"64":245,"65":245,"66":111,"67":134,"68":4,"69":130,"70":3,"71":245,"72":83,"73":245,"74":2,"75":2,"76":107,"77":107,"78":2,"79":2,"80":72,"81":72,"82":2,"83":2,"84":6,"85":2},"f":{"0":257,"1":263,"2":59,"3":107,"4":72,"5":6},"b":{"0":[3,260],"1":[263,260],"2":[3,257],"3":[12,245],"4":[31,214],"5":[0,245],"6":[180,65],"7":[111,69],"8":[111,0],"9":[13,56],"10":[10,3],"11":[7,3],"12":[3,0],"13":[4,52],"14":[4,0],"15":[3,49],"16":[3,0],"17":[13,36],"18":[13,0],"19":[13,0],"20":[4,32],"21":[4,0],"22":[4,0],"23":[73,172],"24":[59,14],"25":[111,134],"26":[83,162],"27":[111,134],"28":[4,130],"29":[3,127],"30":[83,162],"31":[107,7],"32":[72,8]}}
}
