TN:
SF:data/chords/generator/fretboard.ts
FN:34,getNoteAtPosition
FN:48,findNotePositions
FN:78,buildFretboardMap
FN:96,getPositionsForNote
FN:106,getChordPositionsOnString
FN:145,calculateFretSpan
FN:147,(anonymous_6)
FN:163,isPlayable
FN:174,getBassNote
FN:187,countPlayedStrings
FN:188,(anonymous_10)
FN:194,countMutedStrings
FN:195,(anonymous_12)
FN:201,getBaseFret
FN:203,(anonymous_14)
FN:217,isOpenStringChordTone
FN:229,(anonymous_16)
FNF:17
FNH:15
FNDA:341587,getNoteAtPosition
FNDA:17,findNotePositions
FNDA:0,buildFretboardMap
FNDA:0,getPositionsForNote
FNDA:130804,getChordPositionsOnString
FNDA:53463,calculateFretSpan
FNDA:320778,(anonymous_6)
FNDA:8,isPlayable
FNDA:6,getBassNote
FNDA:4,countPlayedStrings
FNDA:24,(anonymous_10)
FNDA:341309,countMutedStrings
FNDA:2047854,(anonymous_12)
FNDA:5,getBaseFret
FNDA:30,(anonymous_14)
FNDA:130810,isOpenStringChordTone
FNDA:377248,(anonymous_16)
DA:6,4
DA:9,4
DA:12,4
DA:15,4
DA:18,4
DA:28,4
DA:34,4
DA:35,341587
DA:36,3
DA:37,3
DA:39,3
DA:41,341584
DA:42,341584
DA:48,4
DA:52,17
DA:53,17
DA:55,17
DA:56,102
DA:58,102
DA:59,1572
DA:61,1572
DA:62,138
DA:71,17
DA:78,4
DA:79,0
DA:80,0
DA:83,0
DA:85,0
DA:86,0
DA:89,0
DA:90,0
DA:96,4
DA:97,0
DA:98,0
DA:99,0
DA:106,4
DA:112,130804
DA:113,3
DA:114,3
DA:116,3
DA:119,130801
DA:120,130801
DA:121,130801
DA:124,130801
DA:126,130801
DA:127,1699067
DA:129,1699067
DA:130,648357
DA:138,130801
DA:145,4
DA:146,53463
DA:147,320778
DA:150,53463
DA:151,27
DA:154,53436
DA:155,53436
DA:157,53436
DA:163,4
DA:167,8
DA:168,8
DA:174,4
DA:175,6
DA:176,13
DA:177,13
DA:178,5
DA:181,1
DA:187,4
DA:188,24
DA:194,4
DA:195,2047854
DA:201,4
DA:202,5
DA:203,30
DA:206,5
DA:207,1
DA:210,4
DA:217,4
DA:221,130810
DA:222,3
DA:223,3
DA:225,3
DA:227,130807
DA:228,130807
DA:229,377248
LF:84
LH:74
BRDA:35,0,0,3
BRDA:35,0,1,341584
BRDA:35,1,0,341587
BRDA:35,1,1,341586
BRDA:36,2,0,3
BRDA:36,2,1,0
BRDA:50,3,0,16
BRDA:61,4,0,138
BRDA:61,4,1,1434
BRDA:79,5,0,0
BRDA:79,5,1,0
BRDA:99,6,0,0
BRDA:99,6,1,0
BRDA:109,7,0,7
BRDA:112,8,0,3
BRDA:112,8,1,130801
BRDA:112,9,0,130804
BRDA:112,9,1,130803
BRDA:113,10,0,3
BRDA:113,10,1,0
BRDA:129,11,0,648357
BRDA:129,11,1,1050710
BRDA:147,12,0,320778
BRDA:147,12,1,254860
BRDA:150,13,0,27
BRDA:150,13,1,53436
BRDA:165,14,0,6
BRDA:177,15,0,5
BRDA:177,15,1,8
BRDA:203,16,0,30
BRDA:203,16,1,28
BRDA:206,17,0,1
BRDA:206,17,1,4
BRDA:221,18,0,3
BRDA:221,18,1,130807
BRDA:221,19,0,130810
BRDA:221,19,1,130809
BRDA:222,20,0,3
BRDA:222,20,1,0
BRF:39
BRH:32
end_of_record
TN:
SF:data/chords/generator/music-theory.ts
FN:187,getNoteIndex
FN:207,transposeNote
FN:217,getChordNotes
FN:232,(anonymous_3)
FN:246,parseQuality
FN:283,getComplexChordFormula
FNF:6
FNH:6
FNDA:2629609,getNoteIndex
FNDA:342185,transposeNote
FNDA:170,getChordNotes
FNDA:580,(anonymous_3)
FNDA:8,parseQuality
FNDA:5,getComplexChordFormula
DA:7,6
DA:25,6
DA:47,6
DA:104,6
DA:187,6
DA:189,2629609
DA:191,2629609
DA:192,2629609
DA:194,1
DA:195,1
DA:196,1
DA:197,0
DA:199,1
DA:201,2629608
DA:207,6
DA:208,342185
DA:209,342185
DA:210,342185
DA:217,6
DA:219,170
DA:220,170
DA:222,170
DA:225,0
DA:226,0
DA:228,0
DA:232,170
DA:234,580
DA:235,580
DA:239,170
DA:246,6
DA:251,8
DA:269,8
DA:270,42
DA:271,7
DA:277,1
DA:283,6
DA:285,5
DA:286,5
DA:287,4
DA:291,1
DA:292,1
DA:294,1
LF:42
LH:38
BRDA:189,0,0,2629609
BRDA:189,0,1,2629599
BRDA:192,1,0,1
BRDA:192,1,1,2629608
BRDA:196,2,0,0
BRDA:196,2,1,1
BRDA:196,3,0,1
BRDA:196,3,1,0
BRDA:199,4,0,1
BRDA:199,4,1,0
BRDA:219,5,0,170
BRDA:219,5,1,2
BRDA:222,6,0,0
BRDA:222,6,1,170
BRDA:225,7,0,0
BRDA:225,7,1,0
BRDA:270,8,0,7
BRDA:270,8,1,35
BRDA:285,9,0,5
BRDA:285,9,1,1
BRDA:286,10,0,4
BRDA:286,10,1,1
BRDA:292,11,0,1
BRDA:292,11,1,1
BRDA:294,12,0,1
BRDA:294,12,1,1
BRF:26
BRH:20
end_of_record
TN:
SF:data/chords/generator/voicing-generator.ts
FN:56,generateVoicings
FN:81,buildVoicing
FN:90,(anonymous_2)
FN:117,(anonymous_3)
FN:131,(anonymous_4)
FN:161,(anonymous_5)
FN:204,(anonymous_6)
FN:229,generateVoicingsWithFallback
FN:292,detectBarres
FNF:9
FNH:9
FNDA:107,generateVoicings
FNDA:472101,buildVoicing
FNDA:2047830,(anonymous_2)
FNDA:193426,(anonymous_3)
FNDA:320676,(anonymous_4)
FNDA:601236,(anonymous_5)
FNDA:90884,(anonymous_6)
FNDA:66,generateVoicingsWithFallback
FNDA:312,detectBarres
DA:6,3
DA:7,3
DA:30,3
DA:56,3
DA:61,107
DA:62,107
DA:65,107
DA:66,107
DA:70,107
DA:76,107
DA:88,472101
DA:90,2047830
DA:91,341305
DA:94,341305
DA:97,340809
DA:100,340809
DA:101,340809
DA:102,414078
DA:103,340809
DA:104,340809
DA:109,340809
DA:112,340809
DA:115,106967
DA:116,106967
DA:117,193426
DA:118,106967
DA:121,106967
DA:124,102059
DA:127,53446
DA:130,53446
DA:131,320676
DA:134,53446
DA:137,53446
DA:149,53446
DA:153,130796
DA:161,601236
DA:162,130796
DA:163,94945
DA:172,130796
DA:174,648336
DA:178,648336
DA:180,648336
DA:185,648336
DA:188,377049
DA:189,377049
DA:191,377049
DA:202,130796
DA:203,90884
DA:204,90884
DA:206,90884
DA:207,0
DA:208,0
DA:210,0
DA:221,107
DA:223,107
DA:229,3
DA:235,66
DA:237,66
DA:238,61
DA:242,5
DA:247,5
DA:248,0
DA:252,5
DA:259,5
DA:260,0
DA:264,5
DA:272,5
DA:273,0
DA:277,5
DA:286,5
DA:292,3
DA:295,312
DA:298,312
DA:299,312
DA:301,312
DA:302,1872
DA:304,1872
DA:305,1034
DA:309,831
DA:310,16
DA:317,831
DA:318,831
DA:322,838
DA:323,15
DA:329,838
DA:330,838
DA:335,312
DA:340,13
DA:347,312
LF:89
LH:83
BRDA:59,0,0,13
BRDA:88,1,0,341305
BRDA:88,1,1,130796
BRDA:94,2,0,496
BRDA:94,2,1,340809
BRDA:97,3,0,0
BRDA:97,3,1,340809
BRDA:102,4,0,340809
BRDA:102,4,1,73269
BRDA:109,5,0,340809
BRDA:109,5,1,0
BRDA:112,6,0,233842
BRDA:112,6,1,106967
BRDA:112,7,0,340809
BRDA:112,7,1,304000
BRDA:121,8,0,4908
BRDA:121,8,1,102059
BRDA:124,9,0,48613
BRDA:124,9,1,53446
BRDA:124,10,0,102059
BRDA:124,10,1,91112
BRDA:131,11,0,320676
BRDA:131,11,1,254787
BRDA:134,12,0,53422
BRDA:134,12,1,24
BRDA:162,13,0,94945
BRDA:162,13,1,35851
BRDA:174,14,0,0
BRDA:174,14,1,648336
BRDA:178,15,0,557452
BRDA:178,15,1,90884
BRDA:180,16,0,647730
BRDA:180,16,1,606
BRDA:185,17,0,271287
BRDA:185,17,1,377049
BRDA:194,18,0,286165
BRDA:194,18,1,90884
BRDA:202,19,0,90884
BRDA:202,19,1,39912
BRDA:206,20,0,0
BRDA:206,20,1,90884
BRDA:232,21,0,66
BRDA:237,22,0,61
BRDA:237,22,1,5
BRDA:247,23,0,0
BRDA:247,23,1,5
BRDA:259,24,0,0
BRDA:259,24,1,5
BRDA:272,25,0,0
BRDA:272,25,1,5
BRDA:304,26,0,1034
BRDA:304,26,1,838
BRDA:304,27,0,1872
BRDA:304,27,1,1597
BRDA:305,28,0,203
BRDA:305,28,1,831
BRDA:305,29,0,1034
BRDA:305,29,1,203
BRDA:309,30,0,16
BRDA:309,30,1,815
BRDA:309,31,0,831
BRDA:309,31,1,397
BRDA:309,31,2,16
BRDA:322,32,0,15
BRDA:322,32,1,823
BRDA:322,33,0,838
BRDA:322,33,1,283
BRDA:322,33,2,15
BRDA:335,34,0,13
BRDA:335,34,1,299
BRDA:336,35,0,312
BRDA:336,35,1,151
BRDA:336,35,2,13
BRF:73
BRH:66
end_of_record
TN:
SF:data/chords/generator/voicing-scorer.ts
FN:47,shapeMatchScore
FN:93,countOpenStrings
FN:94,(anonymous_2)
FN:100,hasAdjacentSkips
FN:120,calculateStretchDifficulty
FN:157,scoreVoicing
FN:246,(anonymous_6)
FN:248,(anonymous_7)
FN:273,(anonymous_8)
FN:274,(anonymous_9)
FN:302,rankVoicings
FN:307,(anonymous_11)
FN:313,(anonymous_12)
FN:321,getBestVoicing
FNF:14
FNH:14
FNDA:45360,shapeMatchScore
FNDA:45360,countOpenStrings
FNDA:272160,(anonymous_2)
FNDA:45360,hasAdjacentSkips
FNDA:45360,calculateStretchDifficulty
FNDA:45360,scoreVoicing
FNDA:148499,(anonymous_6)
FNDA:190279,(anonymous_7)
FNDA:272160,(anonymous_8)
FNDA:272160,(anonymous_9)
FNDA:68,rankVoicings
FNDA:45334,(anonymous_11)
FNDA:377543,(anonymous_12)
FNDA:3,getBestVoicing
DA:6,3
DA:25,3
DA:48,45360
DA:50,45360
DA:51,362880
DA:52,362880
DA:54,362880
DA:55,2177280
DA:56,2177280
DA:59,2177280
DA:60,67417
DA:61,67417
DA:62,67417
DA:66,2109863
DA:67,625830
DA:68,625830
DA:72,1484033
DA:75,1484033
DA:79,799080
DA:83,362880
DA:84,362880
DA:87,45360
DA:94,272160
DA:101,45360
DA:103,45360
DA:104,230152
DA:105,181861
DA:108,26707
DA:110,155154
DA:114,18653
DA:121,45360
DA:123,45360
DA:124,272160
DA:125,170848
DA:129,45360
DA:132,44717
DA:134,44717
DA:135,170226
DA:136,261875
DA:139,261875
DA:144,261875
DA:145,80895
DA:146,80895
DA:151,44717
DA:157,3
DA:161,45360
DA:171,45360
DA:172,12736
DA:173,32624
DA:174,13327
DA:175,19297
DA:176,14797
DA:180,45360
DA:181,45360
DA:184,45360
DA:185,13931
DA:186,31429
DA:187,13809
DA:188,17620
DA:189,7037
DA:193,45360
DA:194,45360
DA:197,45360
DA:201,45360
DA:202,45360
DA:203,45360
DA:204,45360
DA:205,39126
DA:207,6234
DA:212,45360
DA:213,35274
DA:216,10086
DA:220,45360
DA:221,31027
DA:226,45360
DA:227,45360
DA:230,45360
DA:231,18653
DA:236,45360
DA:238,45360
DA:239,45360
DA:240,12515
DA:245,45360
DA:246,148499
DA:248,190279
DA:249,45360
DA:251,45360
DA:252,17244
DA:253,28116
DA:254,5720
DA:255,22396
DA:256,18881
DA:258,3515
DA:263,45360
DA:264,27976
DA:265,17384
DA:266,15778
DA:267,1606
DA:268,1606
DA:272,45360
DA:273,272160
DA:274,272160
DA:276,45360
DA:278,45360
DA:279,45360
DA:280,41498
DA:281,3862
DA:282,3492
DA:283,370
DA:284,370
DA:290,45360
DA:296,45360
DA:302,3
DA:307,45334
DA:313,377543
DA:315,68
DA:321,3
DA:325,3
DA:326,3
LF:119
LH:119
BRDA:59,0,0,67417
BRDA:59,0,1,2109863
BRDA:59,1,0,2177280
BRDA:59,1,1,443144
BRDA:66,2,0,625830
BRDA:66,2,1,1484033
BRDA:66,3,0,2109863
BRDA:66,3,1,1734136
BRDA:75,4,0,799080
BRDA:75,4,1,684953
BRDA:76,5,0,1484033
BRDA:76,5,1,314205
BRDA:76,5,2,1343346
BRDA:76,5,3,1169828
BRDA:83,6,0,362880
BRDA:83,6,1,0
BRDA:104,7,0,181861
BRDA:104,7,1,48291
BRDA:105,8,0,26707
BRDA:105,8,1,155154
BRDA:105,9,0,181861
BRDA:105,9,1,136501
BRDA:124,10,0,170848
BRDA:124,10,1,101312
BRDA:124,11,0,272160
BRDA:124,11,1,216767
BRDA:129,12,0,643
BRDA:129,12,1,44717
BRDA:144,13,0,80895
BRDA:144,13,1,180980
BRDA:144,14,0,261875
BRDA:144,14,1,261875
BRDA:171,15,0,12736
BRDA:171,15,1,32624
BRDA:173,16,0,13327
BRDA:173,16,1,19297
BRDA:175,17,0,14797
BRDA:175,17,1,4500
BRDA:184,18,0,13931
BRDA:184,18,1,31429
BRDA:186,19,0,13809
BRDA:186,19,1,17620
BRDA:188,20,0,7037
BRDA:188,20,1,10583
BRDA:201,21,0,45360
BRDA:201,21,1,0
BRDA:201,22,0,45360
BRDA:201,22,1,45360
BRDA:204,23,0,39126
BRDA:204,23,1,6234
BRDA:212,24,0,35274
BRDA:212,24,1,10086
BRDA:220,25,0,31027
BRDA:220,25,1,14333
BRDA:230,26,0,18653
BRDA:230,26,1,26707
BRDA:236,27,0,45360
BRDA:236,27,1,35511
BRDA:238,28,0,45360
BRDA:238,28,1,35829
BRDA:239,29,0,12515
BRDA:239,29,1,32845
BRDA:239,30,0,45360
BRDA:239,30,1,17777
BRDA:251,31,0,17244
BRDA:251,31,1,28116
BRDA:253,32,0,5720
BRDA:253,32,1,22396
BRDA:255,33,0,18881
BRDA:255,33,1,3515
BRDA:263,34,0,27976
BRDA:263,34,1,17384
BRDA:265,35,0,15778
BRDA:265,35,1,1606
BRDA:267,36,0,1606
BRDA:267,36,1,0
BRDA:273,37,0,216767
BRDA:273,37,1,55393
BRDA:276,38,0,45360
BRDA:276,38,1,0
BRDA:279,39,0,41498
BRDA:279,39,1,3862
BRDA:281,40,0,3492
BRDA:281,40,1,370
BRDA:283,41,0,370
BRDA:283,41,1,0
BRDA:305,42,0,3
BRDA:326,43,0,2
BRDA:326,43,1,1
BRF:89
BRH:84
end_of_record
TN:
SF:data/chords/utils/lookup.ts
FN:19,(anonymous_0)
FN:53,(anonymous_1)
FN:67,(anonymous_2)
FN:74,(anonymous_3)
FN:75,(anonymous_4)
FN:77,(anonymous_5)
FN:89,(anonymous_6)
FN:152,(anonymous_7)
FN:160,(anonymous_8)
FN:176,(anonymous_9)
FN:177,(anonymous_10)
FNF:11
FNH:11
FNDA:21,(anonymous_0)
FNDA:8,(anonymous_1)
FNDA:21,(anonymous_2)
FNDA:21,(anonymous_3)
FNDA:44,(anonymous_4)
FNDA:3,(anonymous_5)
FNDA:65,(anonymous_6)
FNDA:4,(anonymous_7)
FNDA:5,(anonymous_8)
FNDA:6,(anonymous_9)
FNDA:7,(anonymous_10)
DA:11,1
DA:12,1
DA:13,1
DA:19,1
DA:20,21
DA:21,21
DA:23,21
DA:25,21
DA:26,68
DA:29,21
DA:30,63
DA:33,21
DA:34,47
DA:35,94
DA:36,9
DA:38,85
DA:47,21
DA:53,1
DA:59,8
DA:60,7
DA:63,1
DA:64,1
DA:66,1
DA:67,21
DA:74,21
DA:75,44
DA:77,3
DA:79,1
DA:89,1
DA:90,65
DA:91,65
DA:94,65
DA:95,46
DA:104,19
DA:105,0
DA:116,19
DA:117,11
DA:118,11
DA:119,11
DA:133,8
DA:134,8
DA:135,1
DA:143,7
DA:152,1
DA:153,4
DA:160,1
DA:163,5
DA:164,2
DA:165,2
DA:167,2
DA:169,3
DA:176,1
DA:177,6
DA:178,7
DA:179,7
LF:55
LH:54
BRDA:20,0,0,0
BRDA:20,0,1,21
BRDA:21,1,0,0
BRDA:21,1,1,21
BRDA:35,2,0,9
BRDA:35,2,1,85
BRDA:55,3,0,8
BRDA:59,4,0,7
BRDA:59,4,1,1
BRDA:74,5,0,21
BRDA:74,5,1,18
BRDA:94,6,0,46
BRDA:94,6,1,19
BRDA:104,7,0,0
BRDA:104,7,1,19
BRDA:116,8,0,11
BRDA:116,8,1,8
BRDA:118,9,0,11
BRDA:118,9,1,0
BRDA:118,10,0,11
BRDA:118,10,1,11
BRDA:120,11,0,0
BRDA:120,11,1,11
BRDA:124,12,0,0
BRDA:124,12,1,11
BRDA:134,13,0,1
BRDA:134,13,1,7
BRDA:163,14,0,2
BRDA:163,14,1,3
BRDA:163,15,0,5
BRDA:163,15,1,4
BRDA:164,16,0,2
BRDA:164,16,1,0
BRDA:165,17,0,2
BRDA:165,17,1,0
BRDA:180,18,0,7
BRDA:180,18,1,5
BRDA:180,18,2,3
BRF:38
BRH:30
end_of_record
TN:
SF:data/chords/utils/normalizer.ts
FN:56,(anonymous_0)
FN:68,(anonymous_1)
FN:157,(anonymous_2)
FN:189,(anonymous_3)
FN:197,(anonymous_4)
FN:205,(anonymous_5)
FNF:6
FNH:6
FNDA:257,(anonymous_0)
FNDA:263,(anonymous_1)
FNDA:59,(anonymous_2)
FNDA:107,(anonymous_3)
FNDA:72,(anonymous_4)
FNDA:6,(anonymous_5)
DA:17,2
DA:35,2
DA:56,2
DA:58,257
DA:68,2
DA:69,263
DA:71,260
DA:72,260
DA:75,257
DA:78,257
DA:79,257
DA:81,245
DA:82,245
DA:83,31
DA:87,245
DA:90,245
DA:93,245
DA:94,245
DA:95,245
DA:98,245
DA:100,180
DA:101,111
DA:102,111
DA:105,69
DA:106,13
DA:108,13
DA:109,13
DA:110,10
DA:112,10
DA:113,7
DA:116,3
DA:120,56
DA:121,4
DA:122,4
DA:125,52
DA:126,3
DA:127,3
DA:130,49
DA:131,13
DA:132,13
DA:133,13
DA:135,13
DA:136,13
DA:140,36
DA:141,4
DA:142,4
DA:143,4
DA:145,4
DA:146,4
DA:152,245
DA:153,245
DA:155,73
DA:156,73
DA:157,59
DA:162,245
DA:163,245
DA:164,245
DA:165,83
DA:169,245
DA:170,245
DA:171,134
DA:172,130
DA:173,245
DA:174,83
DA:177,245
DA:189,2
DA:190,107
DA:191,107
DA:197,2
DA:198,72
DA:199,72
DA:205,2
DA:206,6
LF:73
LH:73
BRDA:69,0,0,3
BRDA:69,0,1,260
BRDA:69,1,0,263
BRDA:69,1,1,260
BRDA:72,2,0,3
BRDA:72,2,1,257
BRDA:79,3,0,12
BRDA:79,3,1,245
BRDA:82,4,0,31
BRDA:82,4,1,214
BRDA:87,5,0,0
BRDA:87,5,1,245
BRDA:98,6,0,180
BRDA:98,6,1,65
BRDA:100,7,0,111
BRDA:100,7,1,69
BRDA:102,8,0,111
BRDA:102,8,1,0
BRDA:105,9,0,13
BRDA:105,9,1,56
BRDA:109,10,0,10
BRDA:109,10,1,3
BRDA:112,11,0,7
BRDA:112,11,1,3
BRDA:116,12,0,3
BRDA:116,12,1,0
BRDA:120,13,0,4
BRDA:120,13,1,52
BRDA:122,14,0,4
BRDA:122,14,1,0
BRDA:125,15,0,3
BRDA:125,15,1,49
BRDA:127,16,0,3
BRDA:127,16,1,0
BRDA:130,17,0,13
BRDA:130,17,1,36
BRDA:133,18,0,13
BRDA:133,18,1,0
BRDA:135,19,0,13
BRDA:135,19,1,0
BRDA:140,20,0,4
BRDA:140,20,1,32
BRDA:143,21,0,4
BRDA:143,21,1,0
BRDA:145,22,0,4
BRDA:145,22,1,0
BRDA:153,23,0,73
BRDA:153,23,1,172
BRDA:156,24,0,59
BRDA:156,24,1,14
BRDA:163,25,0,111
BRDA:163,25,1,134
BRDA:164,26,0,83
BRDA:164,26,1,162
BRDA:170,27,0,111
BRDA:170,27,1,134
BRDA:171,28,0,4
BRDA:171,28,1,130
BRDA:172,29,0,3
BRDA:172,29,1,127
BRDA:173,30,0,83
BRDA:173,30,1,162
BRDA:191,31,0,107
BRDA:191,31,1,7
BRDA:199,32,0,72
BRDA:199,32,1,8
BRF:66
BRH:57
end_of_record
